2016-04-14 07:02:28 INFO  OntologyReaderTemplate:122 - Using OWLAPI to read the ontology:/Users/kien/benchmarks/coburn/Coburn.owl.xml ...
2016-04-14 07:03:33 INFO  OntologyReaderTemplate:127 - Information of the input ontology.
2016-04-14 07:03:33 INFO  OntologyReaderTemplate:128 - Ontology file:/Users/kien/benchmarks/coburn/Coburn.owl.xml
2016-04-14 07:03:33 INFO  OntologyStatistic:63 - ===Ontology===
2016-04-14 07:03:33 INFO  OntologyStatistic:67 - Statistic: Number_of_TBox_Axioms = 702
2016-04-14 07:03:33 INFO  OntologyStatistic:68 - Statistic: Number_of_input_concept_names = 396
2016-04-14 07:03:33 INFO  OntologyStatistic:69 - Statistic: Number_of_input_role_names = 22
2016-04-14 07:03:33 INFO  OntologyStatistic:72 - Statistic: Number_of_input_individuals = 59716
2016-04-14 07:03:33 INFO  OntologyStatistic:82 - Statistic: Number_of_input_concept_assertions = 193678
2016-04-14 07:03:33 INFO  OntologyStatistic:83 - Statistic: Number_of_input_role_assertions = 114957
2016-04-14 07:03:33 INFO  OntologyStatistic:84 - Statistic: Number_of_input_concept_and_role_assertions = 308635
2016-04-14 07:03:36 INFO  NormalizerTemplate:198 - Normalizing the input ontology...
2016-04-14 07:03:39 INFO  NormalizerTemplate:208 - Finished normalizing TBox of the input ontology.
2016-04-14 07:06:50 INFO  OntologyReaderTemplate:105 - Statistic: Time_loading_input_ontology_in_seconds = 262
2016-04-14 07:06:51 INFO  OntologyReaderTemplate:63 - Statistic: Time_loading_input_ontology_in_seconds = 263
2016-04-14 07:06:51 INFO  Coburn:32 - Info: Concstructors in the validated ontology:[TRANSITIVITY, EXISTENTIAL_RESTRICTION, CONJUNCTION, FUNCTIONALITY]
2016-04-14 07:06:51 INFO  MaterializeTemplate:80 - Performing role reasoning ...
2016-04-14 07:06:51 INFO  MaterializeTemplate:87 - First time computing deductive closure...
2016-04-14 07:06:52 INFO  SemiNaiveRuleEngine:58 - Reasoning time for deductive closure computing in this step: 0
2016-04-14 07:06:52 INFO  MaterializeTemplate:93 - Starting the abstraction refinement loop...
2016-04-14 07:06:52 INFO  MaterializeTemplate:97 - Current loop: 1
2016-04-14 07:06:52 INFO  MaterializeTemplate:109 - Computing types...
2016-04-14 07:06:52 INFO  MaterializeTemplate:114 - Statistic: Current_loop = 1;Statistic: Number_of_types = 500
2016-04-14 07:06:52 INFO  MaterializeTemplate:126 - Generating abstractions ...
2016-04-14 07:06:53 INFO  MaterializeTemplate:128 - Info:Number of abstraction ontolog(ies):1
2016-04-14 07:06:53 INFO  MaterializeTemplate:141 - Statistic: Current_loop = 1;Statistic: Number_of_x = 500
2016-04-14 07:06:53 INFO  MaterializeTemplate:143 - Statistic: Current_loop = 1;Statistic: Number_of_u = 500
2016-04-14 07:06:53 INFO  MaterializeTemplate:146 - Statistic: Current_loop = 1;Statistic: Number_of_yz = 1411
2016-04-14 07:06:53 INFO  MaterializeTemplate:151 - Statistic: Current_loop = 1;Statistic: Number_of_abstract_individuals_xuyz = 2411
2016-04-14 07:06:53 INFO  MaterializeTemplate:164 - Statistic: Current_loop = 1;Statistic: Number_of_abstract_concept_assertions = 3394
2016-04-14 07:06:53 INFO  MaterializeTemplate:166 - Statistic: Current_loop = 1;Statistic: Number_of_abstract_role_assertions = 1411
2016-04-14 07:06:53 INFO  MaterializeTemplate:168 - Statistic: Current_loop = 1;Statistic: Number_of_abstract_concept_and_role_assertions = 4805
2016-04-14 07:06:53 INFO  MaterializeTemplate:175 - Materializing the abstractions ...
2016-04-14 07:06:53 INFO  MaterializeTemplate:186 - Info:Materializing (splitted) abstract ontology: 1
2016-04-14 07:06:53 INFO  Konclude_HornSHOIF_InnerReasoner:115 - {info} 07:06:53:274 >> Starting Konclude ... 
{info} 07:06:53:274 >> Konclude - Uni Ulm Parallel Reasoner
{info} 07:06:53:274 >> Reasoner for the SROIQV(D) Description Logic, 64-bit, Version v0.6.2-544 - f07c265 (Oct 27 2015)

{info} 07:06:53:279 >> Initializing reasoner. Creating calculation context.
{info} 07:06:53:280 >> Reasoner initialized with 1 processing unit(s).
{info} 07:06:53:281 >> Listening on port '8080'

2016-04-14 07:06:53 INFO  Konclude_HornSHOIF_InnerReasoner:122 - Konclude has been started.
2016-04-14 07:06:53 INFO  Konclude_HornSHOIF_InnerReasoner:181 - Connected to Konclude server at: http://localhost:8080
2016-04-14 07:07:01 INFO  Konclude_HornSHOIF_InnerReasoner:136 - Konclude server has been stoped.
2016-04-14 07:07:01 INFO  MaterializeTemplate:210 - Transferring the entailments ...
2016-04-14 07:07:01 INFO  MaterializeTemplate:222 - Computing deductive closure wrt new entailments ...
2016-04-14 07:07:01 INFO  MaterializeTemplate:228 - Finish loop: 1
2016-04-14 07:07:01 INFO  MaterializeTemplate:97 - Current loop: 2
2016-04-14 07:07:01 INFO  MaterializeTemplate:109 - Computing types...
2016-04-14 07:07:01 INFO  MaterializeTemplate:114 - Statistic: Current_loop = 2;Statistic: Number_of_types = 518
2016-04-14 07:07:01 INFO  MaterializeTemplate:126 - Generating abstractions ...
2016-04-14 07:07:02 INFO  MaterializeTemplate:128 - Info:Number of abstraction ontolog(ies):1
2016-04-14 07:07:02 INFO  MaterializeTemplate:141 - Statistic: Current_loop = 2;Statistic: Number_of_x = 518
2016-04-14 07:07:02 INFO  MaterializeTemplate:143 - Statistic: Current_loop = 2;Statistic: Number_of_u = 518
2016-04-14 07:07:02 INFO  MaterializeTemplate:146 - Statistic: Current_loop = 2;Statistic: Number_of_yz = 1465
2016-04-14 07:07:02 INFO  MaterializeTemplate:151 - Statistic: Current_loop = 2;Statistic: Number_of_abstract_individuals_xuyz = 2501
2016-04-14 07:07:02 INFO  MaterializeTemplate:164 - Statistic: Current_loop = 2;Statistic: Number_of_abstract_concept_assertions = 5314
2016-04-14 07:07:02 INFO  MaterializeTemplate:166 - Statistic: Current_loop = 2;Statistic: Number_of_abstract_role_assertions = 1465
2016-04-14 07:07:02 INFO  MaterializeTemplate:168 - Statistic: Current_loop = 2;Statistic: Number_of_abstract_concept_and_role_assertions = 6779
2016-04-14 07:07:02 INFO  MaterializeTemplate:175 - Materializing the abstractions ...
2016-04-14 07:07:02 INFO  MaterializeTemplate:186 - Info:Materializing (splitted) abstract ontology: 1
2016-04-14 07:07:02 INFO  Konclude_HornSHOIF_InnerReasoner:115 - {info} 07:07:02:294 >> Starting Konclude ... 
{info} 07:07:02:294 >> Konclude - Uni Ulm Parallel Reasoner
{info} 07:07:02:294 >> Reasoner for the SROIQV(D) Description Logic, 64-bit, Version v0.6.2-544 - f07c265 (Oct 27 2015)

{info} 07:07:02:296 >> Listening on port '8080'
{info} 07:07:02:296 >> Initializing reasoner. Creating calculation context.
{info} 07:07:02:296 >> Reasoner initialized with 1 processing unit(s).

2016-04-14 07:07:02 INFO  Konclude_HornSHOIF_InnerReasoner:122 - Konclude has been started.
2016-04-14 07:07:02 INFO  Konclude_HornSHOIF_InnerReasoner:181 - Connected to Konclude server at: http://localhost:8080
2016-04-14 07:07:08 INFO  Konclude_HornSHOIF_InnerReasoner:136 - Konclude server has been stoped.
2016-04-14 07:07:08 INFO  MaterializeTemplate:210 - Transferring the entailments ...
2016-04-14 07:07:09 INFO  MaterializeTemplate:222 - Computing deductive closure wrt new entailments ...
2016-04-14 07:07:09 INFO  MaterializeTemplate:228 - Finish loop: 2
2016-04-14 07:07:09 INFO  MaterializeTemplate:97 - Current loop: 3
2016-04-14 07:07:09 INFO  MaterializeTemplate:109 - Computing types...
2016-04-14 07:07:11 INFO  MaterializeTemplate:114 - Statistic: Current_loop = 3;Statistic: Number_of_types = 519
2016-04-14 07:07:11 INFO  MaterializeTemplate:126 - Generating abstractions ...
2016-04-14 07:07:11 INFO  MaterializeTemplate:128 - Info:Number of abstraction ontolog(ies):1
2016-04-14 07:07:11 INFO  MaterializeTemplate:141 - Statistic: Current_loop = 3;Statistic: Number_of_x = 519
2016-04-14 07:07:11 INFO  MaterializeTemplate:143 - Statistic: Current_loop = 3;Statistic: Number_of_u = 519
2016-04-14 07:07:11 INFO  MaterializeTemplate:146 - Statistic: Current_loop = 3;Statistic: Number_of_yz = 1469
2016-04-14 07:07:11 INFO  MaterializeTemplate:151 - Statistic: Current_loop = 3;Statistic: Number_of_abstract_individuals_xuyz = 2507
2016-04-14 07:07:11 INFO  MaterializeTemplate:164 - Statistic: Current_loop = 3;Statistic: Number_of_abstract_concept_assertions = 5398
2016-04-14 07:07:11 INFO  MaterializeTemplate:166 - Statistic: Current_loop = 3;Statistic: Number_of_abstract_role_assertions = 1469
2016-04-14 07:07:11 INFO  MaterializeTemplate:168 - Statistic: Current_loop = 3;Statistic: Number_of_abstract_concept_and_role_assertions = 6867
2016-04-14 07:07:11 INFO  MaterializeTemplate:175 - Materializing the abstractions ...
2016-04-14 07:07:11 INFO  MaterializeTemplate:186 - Info:Materializing (splitted) abstract ontology: 1
2016-04-14 07:07:11 INFO  Konclude_HornSHOIF_InnerReasoner:115 - {info} 07:07:11:440 >> Starting Konclude ... 
{info} 07:07:11:440 >> Konclude - Uni Ulm Parallel Reasoner
{info} 07:07:11:440 >> Reasoner for the SROIQV(D) Description Logic, 64-bit, Version v0.6.2-544 - f07c265 (Oct 27 2015)

{info} 07:07:11:442 >> Initializing reasoner. Creating calculation context.
{info} 07:07:11:442 >> Listening on port '8080'
{info} 07:07:11:443 >> Reasoner initialized with 1 processing unit(s).

2016-04-14 07:07:11 INFO  Konclude_HornSHOIF_InnerReasoner:122 - Konclude has been started.
2016-04-14 07:07:11 INFO  Konclude_HornSHOIF_InnerReasoner:181 - Connected to Konclude server at: http://localhost:8080
2016-04-14 07:07:17 INFO  Konclude_HornSHOIF_InnerReasoner:136 - Konclude server has been stoped.
2016-04-14 07:07:17 INFO  MaterializeTemplate:210 - Transferring the entailments ...
2016-04-14 07:07:17 INFO  MaterializeTemplate:228 - Finish loop: 3
2016-04-14 07:07:17 INFO  MaterializeTemplate:234 - Statistic: Number_of_refinement_steps = 2
2016-04-14 07:07:17 INFO  MaterializeTemplate:242 - Statistic: Time_reasoning_using_abstraction_in_seconds = 26
2016-04-14 07:07:17 INFO  MaterializeTemplate:249 - Statistic: Number_of_materialized_concept_assertions = 330320
2016-04-14 07:07:17 INFO  MaterializeTemplate:250 - Statistic: Number_of_materialized_role_assertions = 113703
2016-04-14 07:07:17 INFO  MaterializeTemplate:251 - Statistic: Number_of_materialized_concept_and_role_assertions = 444023
