2016-04-14 06:35:11 INFO  OntologyReaderTemplate:122 - Using OWLAPI to read the ontology:/Users/kien/benchmarks/npd-v2/npd.owl ...
2016-04-14 06:35:14 INFO  OntologyReaderTemplate:127 - Information of the input ontology.
2016-04-14 06:35:14 INFO  OntologyReaderTemplate:128 - Ontology file:/Users/kien/benchmarks/npd-v2/npd.owl
2016-04-14 06:35:14 INFO  OntologyStatistic:63 - ===Ontology===
2016-04-14 06:35:14 INFO  OntologyStatistic:67 - Statistic: Number_of_TBox_Axioms = 1216
2016-04-14 06:35:14 INFO  OntologyStatistic:68 - Statistic: Number_of_input_concept_names = 253
2016-04-14 06:35:14 INFO  OntologyStatistic:69 - Statistic: Number_of_input_role_names = 95
2016-04-14 06:35:14 INFO  OntologyStatistic:72 - Statistic: Number_of_input_individuals = 7
2016-04-14 06:35:14 INFO  OntologyStatistic:82 - Statistic: Number_of_input_concept_assertions = 0
2016-04-14 06:35:14 INFO  OntologyStatistic:83 - Statistic: Number_of_input_role_assertions = 0
2016-04-14 06:35:14 INFO  OntologyStatistic:84 - Statistic: Number_of_input_concept_and_role_assertions = 0
2016-04-14 06:35:14 INFO  NormalizerTemplate:198 - Normalizing the input ontology...
2016-04-14 06:35:14 INFO  NormalizerTemplate:208 - Finished normalizing TBox of the input ontology.
2016-04-14 06:35:15 INFO  OntologyReaderTemplate:105 - Statistic: Time_loading_input_ontology_in_seconds = 3
2016-04-14 06:35:15 INFO  JenaMultipleABoxesStreamReader:80 - ABox 1:/Users/kien/benchmarks/npd-v2/npd-data-dump.ttl
2016-04-14 06:36:25 WARN  riot:77 - [line: 10303061, col: 1 ] Bad IRI: <http://sws.ifi.uio.no/data/npd-v2/wellbore/105/document/3675/105_05_31_6_5_Statoils_Strømningsmåler> Code: 47/NOT_NFKC in PATH: The IRI is not in Unicode Normal Form KC.
2016-04-14 06:36:25 WARN  riot:77 - [line: 10303061, col: 1 ] Bad IRI: <http://sws.ifi.uio.no/data/npd-v2/wellbore/105/document/3675/105_05_31_6_5_Statoils_Strømningsmåler> Code: 56/COMPATIBILITY_CHARACTER in PATH: TODO
2016-04-14 06:36:25 WARN  riot:77 - [line: 10303068, col: 22] Bad IRI: <http://www.npd.no/engelsk/cwi/pbl/wellbore_documents/105_05_31_6_5_Statoils_Strømningsmåler.pdf> Code: 47/NOT_NFKC in PATH: The IRI is not in Unicode Normal Form KC.
2016-04-14 06:36:25 WARN  riot:77 - [line: 10303068, col: 22] Bad IRI: <http://www.npd.no/engelsk/cwi/pbl/wellbore_documents/105_05_31_6_5_Statoils_Strømningsmåler.pdf> Code: 56/COMPATIBILITY_CHARACTER in PATH: TODO
2016-04-14 06:36:25 WARN  riot:77 - [line: 10372077, col: 1 ] Bad IRI: <http://sws.ifi.uio.no/data/npd-v2/wellbore/127/document/3688/127_03_31_6_6_En_Petrografisk_Undersøkelse_av_Brønn> Code: 47/NOT_NFKC in PATH: The IRI is not in Unicode Normal Form KC.
2016-04-14 06:36:25 WARN  riot:77 - [line: 10372077, col: 1 ] Bad IRI: <http://sws.ifi.uio.no/data/npd-v2/wellbore/127/document/3688/127_03_31_6_6_En_Petrografisk_Undersøkelse_av_Brønn> Code: 56/COMPATIBILITY_CHARACTER in PATH: TODO
2016-04-14 06:36:25 WARN  riot:77 - [line: 10372084, col: 22] Bad IRI: <http://www.npd.no/engelsk/cwi/pbl/wellbore_documents/127_03_31_6_6_En_Petrografisk_Undersøkelse_av_Brønn.pdf> Code: 47/NOT_NFKC in PATH: The IRI is not in Unicode Normal Form KC.
2016-04-14 06:36:25 WARN  riot:77 - [line: 10372084, col: 22] Bad IRI: <http://www.npd.no/engelsk/cwi/pbl/wellbore_documents/127_03_31_6_6_En_Petrografisk_Undersøkelse_av_Brønn.pdf> Code: 56/COMPATIBILITY_CHARACTER in PATH: TODO
2016-04-14 06:36:28 WARN  riot:77 - [line: 10649371, col: 1 ] Bad IRI: <http://sws.ifi.uio.no/data/npd-v2/wellbore/199/document/321/199_11_15_12_3_Miljømessige_effekter> Code: 47/NOT_NFKC in PATH: The IRI is not in Unicode Normal Form KC.
2016-04-14 06:36:28 WARN  riot:77 - [line: 10649371, col: 1 ] Bad IRI: <http://sws.ifi.uio.no/data/npd-v2/wellbore/199/document/321/199_11_15_12_3_Miljømessige_effekter> Code: 56/COMPATIBILITY_CHARACTER in PATH: TODO
2016-04-14 06:36:28 WARN  riot:77 - [line: 10649378, col: 22] Bad IRI: <http://www.npd.no/engelsk/cwi/pbl/wellbore_documents/199_11_15_12_3_Miljømessige_effekter.pdf> Code: 47/NOT_NFKC in PATH: The IRI is not in Unicode Normal Form KC.
2016-04-14 06:36:28 WARN  riot:77 - [line: 10649378, col: 22] Bad IRI: <http://www.npd.no/engelsk/cwi/pbl/wellbore_documents/199_11_15_12_3_Miljømessige_effekter.pdf> Code: 56/COMPATIBILITY_CHARACTER in PATH: TODO
2016-04-14 06:36:29 WARN  riot:77 - [line: 10799937, col: 1 ] Bad IRI: <http://sws.ifi.uio.no/data/npd-v2/wellbore/26/document/5672/26_09_Sedimentundersøkelse_etter_prøveboring_med_oljebasert_slam> Code: 47/NOT_NFKC in PATH: The IRI is not in Unicode Normal Form KC.
2016-04-14 06:36:29 WARN  riot:77 - [line: 10799937, col: 1 ] Bad IRI: <http://sws.ifi.uio.no/data/npd-v2/wellbore/26/document/5672/26_09_Sedimentundersøkelse_etter_prøveboring_med_oljebasert_slam> Code: 56/COMPATIBILITY_CHARACTER in PATH: TODO
2016-04-14 06:36:29 WARN  riot:77 - [line: 10799944, col: 22] Bad IRI: <http://www.npd.no/engelsk/cwi/pbl/wellbore_documents/26_09_Sedimentundersøkelse_etter_prøveboring_med_oljebasert_slam.pdf> Code: 47/NOT_NFKC in PATH: The IRI is not in Unicode Normal Form KC.
2016-04-14 06:36:29 WARN  riot:77 - [line: 10799944, col: 22] Bad IRI: <http://www.npd.no/engelsk/cwi/pbl/wellbore_documents/26_09_Sedimentundersøkelse_etter_prøveboring_med_oljebasert_slam.pdf> Code: 56/COMPATIBILITY_CHARACTER in PATH: TODO
2016-04-14 06:36:31 WARN  riot:77 - [line: 10962087, col: 1 ] Bad IRI: <http://sws.ifi.uio.no/data/npd-v2/wellbore/34/document/3630/34_05_31_6_2_Analyse_av_vannprøver> Code: 47/NOT_NFKC in PATH: The IRI is not in Unicode Normal Form KC.
2016-04-14 06:36:31 WARN  riot:77 - [line: 10962087, col: 1 ] Bad IRI: <http://sws.ifi.uio.no/data/npd-v2/wellbore/34/document/3630/34_05_31_6_2_Analyse_av_vannprøver> Code: 56/COMPATIBILITY_CHARACTER in PATH: TODO
2016-04-14 06:36:31 WARN  riot:77 - [line: 10962094, col: 22] Bad IRI: <http://www.npd.no/engelsk/cwi/pbl/wellbore_documents/34_05_31_6_2_Analyse_av_vannprøver.pdf> Code: 47/NOT_NFKC in PATH: The IRI is not in Unicode Normal Form KC.
2016-04-14 06:36:31 WARN  riot:77 - [line: 10962094, col: 22] Bad IRI: <http://www.npd.no/engelsk/cwi/pbl/wellbore_documents/34_05_31_6_2_Analyse_av_vannprøver.pdf> Code: 56/COMPATIBILITY_CHARACTER in PATH: TODO
2016-04-14 06:36:31 WARN  riot:77 - [line: 11032132, col: 1 ] Bad IRI: <http://sws.ifi.uio.no/data/npd-v2/wellbore/399/document/3285/399_05_31_2_6_Brønntestrapport_by_Geco> Code: 47/NOT_NFKC in PATH: The IRI is not in Unicode Normal Form KC.
2016-04-14 06:36:31 WARN  riot:77 - [line: 11032132, col: 1 ] Bad IRI: <http://sws.ifi.uio.no/data/npd-v2/wellbore/399/document/3285/399_05_31_2_6_Brønntestrapport_by_Geco> Code: 56/COMPATIBILITY_CHARACTER in PATH: TODO
2016-04-14 06:36:31 WARN  riot:77 - [line: 11032139, col: 22] Bad IRI: <http://www.npd.no/engelsk/cwi/pbl/wellbore_documents/399_05_31_2_6_Brønntestrapport_by_Geco.pdf> Code: 47/NOT_NFKC in PATH: The IRI is not in Unicode Normal Form KC.
2016-04-14 06:36:31 WARN  riot:77 - [line: 11032139, col: 22] Bad IRI: <http://www.npd.no/engelsk/cwi/pbl/wellbore_documents/399_05_31_2_6_Brønntestrapport_by_Geco.pdf> Code: 56/COMPATIBILITY_CHARACTER in PATH: TODO
2016-04-14 06:36:31 WARN  riot:77 - [line: 11032142, col: 1 ] Bad IRI: <http://sws.ifi.uio.no/data/npd-v2/wellbore/399/document/3286/399_05_31_2_6_Brønntestrapport_encl_1> Code: 47/NOT_NFKC in PATH: The IRI is not in Unicode Normal Form KC.
2016-04-14 06:36:31 WARN  riot:77 - [line: 11032142, col: 1 ] Bad IRI: <http://sws.ifi.uio.no/data/npd-v2/wellbore/399/document/3286/399_05_31_2_6_Brønntestrapport_encl_1> Code: 56/COMPATIBILITY_CHARACTER in PATH: TODO
2016-04-14 06:36:31 WARN  riot:77 - [line: 11032149, col: 22] Bad IRI: <http://www.npd.no/engelsk/cwi/pbl/wellbore_documents/399_05_31_2_6_Brønntestrapport_encl_1.pdf> Code: 47/NOT_NFKC in PATH: The IRI is not in Unicode Normal Form KC.
2016-04-14 06:36:31 WARN  riot:77 - [line: 11032149, col: 22] Bad IRI: <http://www.npd.no/engelsk/cwi/pbl/wellbore_documents/399_05_31_2_6_Brønntestrapport_encl_1.pdf> Code: 56/COMPATIBILITY_CHARACTER in PATH: TODO
2016-04-14 06:36:34 WARN  riot:77 - [line: 11075317, col: 1 ] Bad IRI: <http://sws.ifi.uio.no/data/npd-v2/wellbore/425/document/3963/425_34_10_2_Væskeprøve_fra_DST-1%2C2%2C3> Code: 47/NOT_NFKC in PATH: The IRI is not in Unicode Normal Form KC.
2016-04-14 06:36:34 WARN  riot:77 - [line: 11075317, col: 1 ] Bad IRI: <http://sws.ifi.uio.no/data/npd-v2/wellbore/425/document/3963/425_34_10_2_Væskeprøve_fra_DST-1%2C2%2C3> Code: 56/COMPATIBILITY_CHARACTER in PATH: TODO
2016-04-14 06:36:34 WARN  riot:77 - [line: 11075325, col: 22] Bad IRI: <http://www.npd.no/engelsk/cwi/pbl/wellbore_documents/425_34_10_2_Væskeprøve_fra_DST-1,2,3.pdf> Code: 47/NOT_NFKC in PATH: The IRI is not in Unicode Normal Form KC.
2016-04-14 06:36:34 WARN  riot:77 - [line: 11075325, col: 22] Bad IRI: <http://www.npd.no/engelsk/cwi/pbl/wellbore_documents/425_34_10_2_Væskeprøve_fra_DST-1,2,3.pdf> Code: 56/COMPATIBILITY_CHARACTER in PATH: TODO
2016-04-14 06:36:34 WARN  riot:77 - [line: 11075328, col: 1 ] Bad IRI: <http://sws.ifi.uio.no/data/npd-v2/wellbore/425/document/3964/425_34_10_2_Væskeprøve_fra_DST-3A%2C4%2C5> Code: 47/NOT_NFKC in PATH: The IRI is not in Unicode Normal Form KC.
2016-04-14 06:36:34 WARN  riot:77 - [line: 11075328, col: 1 ] Bad IRI: <http://sws.ifi.uio.no/data/npd-v2/wellbore/425/document/3964/425_34_10_2_Væskeprøve_fra_DST-3A%2C4%2C5> Code: 56/COMPATIBILITY_CHARACTER in PATH: TODO
2016-04-14 06:36:34 WARN  riot:77 - [line: 11075336, col: 22] Bad IRI: <http://www.npd.no/engelsk/cwi/pbl/wellbore_documents/425_34_10_2_Væskeprøve_fra_DST-3A,4,5.pdf> Code: 47/NOT_NFKC in PATH: The IRI is not in Unicode Normal Form KC.
2016-04-14 06:36:34 WARN  riot:77 - [line: 11075336, col: 22] Bad IRI: <http://www.npd.no/engelsk/cwi/pbl/wellbore_documents/425_34_10_2_Væskeprøve_fra_DST-3A,4,5.pdf> Code: 56/COMPATIBILITY_CHARACTER in PATH: TODO
2016-04-14 06:36:36 WARN  riot:77 - [line: 11247919, col: 1 ] Bad IRI: <http://sws.ifi.uio.no/data/npd-v2/wellbore/509/document/2522/509_2_Geokjemisk_analyse_TOC_og_Rock_eval_for_brønn_30_3_1> Code: 47/NOT_NFKC in PATH: The IRI is not in Unicode Normal Form KC.
2016-04-14 06:36:36 WARN  riot:77 - [line: 11247919, col: 1 ] Bad IRI: <http://sws.ifi.uio.no/data/npd-v2/wellbore/509/document/2522/509_2_Geokjemisk_analyse_TOC_og_Rock_eval_for_brønn_30_3_1> Code: 56/COMPATIBILITY_CHARACTER in PATH: TODO
2016-04-14 06:36:36 WARN  riot:77 - [line: 11247926, col: 22] Bad IRI: <http://www.npd.no/engelsk/cwi/pbl/geochemical_pdfs/509_2_Geokjemisk_analyse_TOC_og_Rock_eval_for_brønn_30_3_1.pdf> Code: 47/NOT_NFKC in PATH: The IRI is not in Unicode Normal Form KC.
2016-04-14 06:36:36 WARN  riot:77 - [line: 11247926, col: 22] Bad IRI: <http://www.npd.no/engelsk/cwi/pbl/geochemical_pdfs/509_2_Geokjemisk_analyse_TOC_og_Rock_eval_for_brønn_30_3_1.pdf> Code: 56/COMPATIBILITY_CHARACTER in PATH: TODO
2016-04-14 06:36:38 WARN  riot:77 - [line: 11501734, col: 1 ] Bad IRI: <http://sws.ifi.uio.no/data/npd-v2/wellbore/70/document/3325/70_02_31_2_7_Brønntestrapport> Code: 47/NOT_NFKC in PATH: The IRI is not in Unicode Normal Form KC.
2016-04-14 06:36:38 WARN  riot:77 - [line: 11501734, col: 1 ] Bad IRI: <http://sws.ifi.uio.no/data/npd-v2/wellbore/70/document/3325/70_02_31_2_7_Brønntestrapport> Code: 56/COMPATIBILITY_CHARACTER in PATH: TODO
2016-04-14 06:36:38 WARN  riot:77 - [line: 11501741, col: 22] Bad IRI: <http://www.npd.no/engelsk/cwi/pbl/wellbore_documents/70_02_31_2_7_Brønntestrapport.pdf> Code: 47/NOT_NFKC in PATH: The IRI is not in Unicode Normal Form KC.
2016-04-14 06:36:38 WARN  riot:77 - [line: 11501741, col: 22] Bad IRI: <http://www.npd.no/engelsk/cwi/pbl/wellbore_documents/70_02_31_2_7_Brønntestrapport.pdf> Code: 56/COMPATIBILITY_CHARACTER in PATH: TODO
2016-04-14 06:36:39 WARN  riot:77 - [line: 11565961, col: 1 ] Bad IRI: <http://sws.ifi.uio.no/data/npd-v2/wellbore/88/document/3379/88_02_31_2_9_Overlagringstrykk_fra_brønn> Code: 47/NOT_NFKC in PATH: The IRI is not in Unicode Normal Form KC.
2016-04-14 06:36:39 WARN  riot:77 - [line: 11565961, col: 1 ] Bad IRI: <http://sws.ifi.uio.no/data/npd-v2/wellbore/88/document/3379/88_02_31_2_9_Overlagringstrykk_fra_brønn> Code: 56/COMPATIBILITY_CHARACTER in PATH: TODO
2016-04-14 06:36:39 WARN  riot:77 - [line: 11565968, col: 22] Bad IRI: <http://www.npd.no/engelsk/cwi/pbl/wellbore_documents/88_02_31_2_9_Overlagringstrykk_fra_brønn.pdf> Code: 47/NOT_NFKC in PATH: The IRI is not in Unicode Normal Form KC.
2016-04-14 06:36:39 WARN  riot:77 - [line: 11565968, col: 22] Bad IRI: <http://www.npd.no/engelsk/cwi/pbl/wellbore_documents/88_02_31_2_9_Overlagringstrykk_fra_brønn.pdf> Code: 56/COMPATIBILITY_CHARACTER in PATH: TODO
2016-04-14 06:36:39 INFO  OntologyReaderTemplate:214 - ABoxList file:/Users/kien/benchmarks/npd-v2/aboxList.txt
2016-04-14 06:36:39 INFO  OntologyReaderTemplate:215 - ABox statistic:
2016-04-14 06:36:39 INFO  OntologyStatistic:47 - Statistic: Number_of_input_individuals = 785656
2016-04-14 06:36:39 INFO  OntologyStatistic:57 - Statistic: Number_of_input_concept_assertions = 772877
2016-04-14 06:36:39 INFO  OntologyStatistic:58 - Statistic: Number_of_input_role_assertions = 645072
2016-04-14 06:36:39 INFO  OntologyStatistic:59 - Statistic: Number_of_input_concept_and_role_assertions = 1417949
2016-04-14 06:36:39 INFO  OntologyReaderTemplate:224 - Statistic: Time_loading_input_ontology_in_seconds = 87
2016-04-14 06:36:39 INFO  NPD:34 - Info: Concstructors in the validated ontology:[EXISTENTIAL_RESTRICTION, UNIVERSAL_RESTRICTION, CONJUNCTION]
2016-04-14 06:36:39 INFO  MaterializeTemplate:80 - Performing role reasoning ...
2016-04-14 06:36:39 INFO  MaterializeTemplate:87 - First time computing deductive closure...
2016-04-14 06:36:40 INFO  SemiNaiveRuleEngine:58 - Reasoning time for deductive closure computing in this step: 0
2016-04-14 06:36:40 INFO  MaterializeTemplate:93 - Starting the abstraction refinement loop...
2016-04-14 06:36:40 INFO  MaterializeTemplate:97 - Current loop: 1
2016-04-14 06:36:40 INFO  MaterializeTemplate:109 - Computing types...
2016-04-14 06:36:43 INFO  MaterializeTemplate:114 - Statistic: Current_loop = 1;Statistic: Number_of_types = 1028
2016-04-14 06:36:43 INFO  MaterializeTemplate:126 - Generating abstractions ...
2016-04-14 06:36:44 INFO  MaterializeTemplate:128 - Info:Number of abstraction ontolog(ies):1
2016-04-14 06:36:44 INFO  MaterializeTemplate:141 - Statistic: Current_loop = 1;Statistic: Number_of_x = 1028
2016-04-14 06:36:44 INFO  MaterializeTemplate:143 - Statistic: Current_loop = 1;Statistic: Number_of_u = 1028
2016-04-14 06:36:44 INFO  MaterializeTemplate:146 - Statistic: Current_loop = 1;Statistic: Number_of_yz = 16441
2016-04-14 06:36:44 INFO  MaterializeTemplate:151 - Statistic: Current_loop = 1;Statistic: Number_of_abstract_individuals_xuyz = 18497
2016-04-14 06:36:44 INFO  MaterializeTemplate:164 - Statistic: Current_loop = 1;Statistic: Number_of_abstract_concept_assertions = 7388
2016-04-14 06:36:44 INFO  MaterializeTemplate:166 - Statistic: Current_loop = 1;Statistic: Number_of_abstract_role_assertions = 16441
2016-04-14 06:36:44 INFO  MaterializeTemplate:168 - Statistic: Current_loop = 1;Statistic: Number_of_abstract_concept_and_role_assertions = 23829
2016-04-14 06:36:44 INFO  MaterializeTemplate:175 - Materializing the abstractions ...
2016-04-14 06:36:44 INFO  MaterializeTemplate:186 - Info:Materializing (splitted) abstract ontology: 1
2016-04-14 06:37:03 INFO  MaterializeTemplate:210 - Transferring the entailments ...
2016-04-14 06:37:04 INFO  MaterializeTemplate:222 - Computing deductive closure wrt new entailments ...
2016-04-14 06:37:04 INFO  MaterializeTemplate:228 - Finish loop: 1
2016-04-14 06:37:04 INFO  MaterializeTemplate:97 - Current loop: 2
2016-04-14 06:37:04 INFO  MaterializeTemplate:109 - Computing types...
2016-04-14 06:37:07 INFO  MaterializeTemplate:114 - Statistic: Current_loop = 2;Statistic: Number_of_types = 1027
2016-04-14 06:37:07 INFO  MaterializeTemplate:126 - Generating abstractions ...
2016-04-14 06:37:07 INFO  MaterializeTemplate:128 - Info:Number of abstraction ontolog(ies):1
2016-04-14 06:37:07 INFO  MaterializeTemplate:141 - Statistic: Current_loop = 2;Statistic: Number_of_x = 1027
2016-04-14 06:37:07 INFO  MaterializeTemplate:143 - Statistic: Current_loop = 2;Statistic: Number_of_u = 1027
2016-04-14 06:37:07 INFO  MaterializeTemplate:146 - Statistic: Current_loop = 2;Statistic: Number_of_yz = 16440
2016-04-14 06:37:07 INFO  MaterializeTemplate:151 - Statistic: Current_loop = 2;Statistic: Number_of_abstract_individuals_xuyz = 18494
2016-04-14 06:37:07 INFO  MaterializeTemplate:164 - Statistic: Current_loop = 2;Statistic: Number_of_abstract_concept_assertions = 8362
2016-04-14 06:37:07 INFO  MaterializeTemplate:166 - Statistic: Current_loop = 2;Statistic: Number_of_abstract_role_assertions = 16440
2016-04-14 06:37:07 INFO  MaterializeTemplate:168 - Statistic: Current_loop = 2;Statistic: Number_of_abstract_concept_and_role_assertions = 24802
2016-04-14 06:37:07 INFO  MaterializeTemplate:175 - Materializing the abstractions ...
2016-04-14 06:37:07 INFO  MaterializeTemplate:186 - Info:Materializing (splitted) abstract ontology: 1
2016-04-14 06:37:24 INFO  MaterializeTemplate:210 - Transferring the entailments ...
2016-04-14 06:37:24 INFO  MaterializeTemplate:228 - Finish loop: 2
2016-04-14 06:37:24 INFO  MaterializeTemplate:234 - Statistic: Number_of_refinement_steps = 1
2016-04-14 06:37:24 INFO  MaterializeTemplate:242 - Statistic: Time_reasoning_using_abstraction_in_seconds = 44
2016-04-14 06:37:24 INFO  MaterializeTemplate:249 - Statistic: Number_of_materialized_concept_assertions = 898525
2016-04-14 06:37:24 INFO  MaterializeTemplate:250 - Statistic: Number_of_materialized_role_assertions = 667496
2016-04-14 06:37:24 INFO  MaterializeTemplate:251 - Statistic: Number_of_materialized_concept_and_role_assertions = 1566021
