2016-04-14 14:13:23 INFO  OntologyReaderTemplate:122 - Using OWLAPI to read the ontology:src/test/resources/uobm-origin/tbox/uobmtbox_origin.owl ...
2016-04-14 14:13:24 INFO  OntologyReaderTemplate:127 - Information of the input ontology.
2016-04-14 14:13:24 INFO  OntologyReaderTemplate:128 - Ontology file:src/test/resources/uobm-origin/tbox/uobmtbox_origin.owl
2016-04-14 14:13:24 INFO  OntologyStatistic:63 - ===Ontology===
2016-04-14 14:13:24 INFO  OntologyStatistic:67 - Statistic: Number_of_TBox_Axioms = 150
2016-04-14 14:13:24 INFO  OntologyStatistic:68 - Statistic: Number_of_input_concept_names = 69
2016-04-14 14:13:24 INFO  OntologyStatistic:69 - Statistic: Number_of_input_role_names = 35
2016-04-14 14:13:24 INFO  OntologyStatistic:72 - Statistic: Number_of_input_individuals = 58
2016-04-14 14:13:24 INFO  OntologyStatistic:82 - Statistic: Number_of_input_concept_assertions = 58
2016-04-14 14:13:24 INFO  OntologyStatistic:83 - Statistic: Number_of_input_role_assertions = 0
2016-04-14 14:13:24 INFO  OntologyStatistic:84 - Statistic: Number_of_input_concept_and_role_assertions = 58
2016-04-14 14:13:24 INFO  NormalizerTemplate:198 - Normalizing the input ontology...
2016-04-14 14:13:24 INFO  NormalizerTemplate:208 - Finished normalizing TBox of the input ontology.
2016-04-14 14:13:25 INFO  OntologyReaderTemplate:105 - Statistic: Time_loading_input_ontology_in_seconds = 1
2016-04-14 14:13:25 INFO  JenaMultipleABoxesStreamReader:80 - ABox 1:/Users/kien/benchmarks/UOB/dl620/1/1-ub-dl-univ0-dept15.owl
2016-04-14 14:13:27 INFO  JenaMultipleABoxesStreamReader:80 - ABox 2:/Users/kien/benchmarks/UOB/dl620/1/1-ub-dl-univ0-dept18.owl
2016-04-14 14:13:27 INFO  JenaMultipleABoxesStreamReader:80 - ABox 3:/Users/kien/benchmarks/UOB/dl620/1/1-ub-dl-univ0-dept0.owl
2016-04-14 14:13:28 INFO  JenaMultipleABoxesStreamReader:80 - ABox 4:/Users/kien/benchmarks/UOB/dl620/1/1-ub-dl-univ0-dept13.owl
2016-04-14 14:13:28 INFO  JenaMultipleABoxesStreamReader:80 - ABox 5:/Users/kien/benchmarks/UOB/dl620/1/1-ub-dl-univ0-dept6.owl
2016-04-14 14:13:28 INFO  JenaMultipleABoxesStreamReader:80 - ABox 6:/Users/kien/benchmarks/UOB/dl620/1/1-ub-dl-univ0-dept5.owl
2016-04-14 14:13:29 INFO  JenaMultipleABoxesStreamReader:80 - ABox 7:/Users/kien/benchmarks/UOB/dl620/1/1-ub-dl-univ0-dept4.owl
2016-04-14 14:13:29 INFO  JenaMultipleABoxesStreamReader:80 - ABox 8:/Users/kien/benchmarks/UOB/dl620/1/1-ub-dl-univ0-dept1.owl
2016-04-14 14:13:29 INFO  JenaMultipleABoxesStreamReader:80 - ABox 9:/Users/kien/benchmarks/UOB/dl620/1/1-ub-dl-univ0-dept16.owl
2016-04-14 14:13:30 INFO  JenaMultipleABoxesStreamReader:80 - ABox 10:/Users/kien/benchmarks/UOB/dl620/1/1-ub-dl-univ0-dept12.owl
2016-04-14 14:13:30 INFO  JenaMultipleABoxesStreamReader:80 - ABox 11:/Users/kien/benchmarks/UOB/dl620/1/1-ub-dl-univ0-dept14.owl
2016-04-14 14:13:30 INFO  JenaMultipleABoxesStreamReader:80 - ABox 12:/Users/kien/benchmarks/UOB/dl620/1/1-ub-dl-univ0-dept3.owl
2016-04-14 14:13:30 INFO  JenaMultipleABoxesStreamReader:80 - ABox 13:/Users/kien/benchmarks/UOB/dl620/1/1-ub-dl-univ0-dept10.owl
2016-04-14 14:13:31 INFO  JenaMultipleABoxesStreamReader:80 - ABox 14:/Users/kien/benchmarks/UOB/dl620/1/1-ub-dl-univ0-dept7.owl
2016-04-14 14:13:31 INFO  JenaMultipleABoxesStreamReader:80 - ABox 15:/Users/kien/benchmarks/UOB/dl620/1/1-ub-dl-univ0.owl
2016-04-14 14:13:31 INFO  JenaMultipleABoxesStreamReader:80 - ABox 16:/Users/kien/benchmarks/UOB/dl620/1/1-ub-dl-univ0-dept19.owl
2016-04-14 14:13:32 INFO  JenaMultipleABoxesStreamReader:80 - ABox 17:/Users/kien/benchmarks/UOB/dl620/1/1-ub-dl-univ0-dept17.owl
2016-04-14 14:13:32 INFO  JenaMultipleABoxesStreamReader:80 - ABox 18:/Users/kien/benchmarks/UOB/dl620/1/1-ub-dl-univ0-dept9.owl
2016-04-14 14:13:32 INFO  JenaMultipleABoxesStreamReader:80 - ABox 19:/Users/kien/benchmarks/UOB/dl620/1/1-ub-dl-univ0-dept2.owl
2016-04-14 14:13:32 INFO  JenaMultipleABoxesStreamReader:80 - ABox 20:/Users/kien/benchmarks/UOB/dl620/1/1-ub-dl-univ0-dept11.owl
2016-04-14 14:13:33 INFO  JenaMultipleABoxesStreamReader:80 - ABox 21:/Users/kien/benchmarks/UOB/dl620/1/1-ub-dl-univ0-dept8.owl
2016-04-14 14:13:33 INFO  OntologyReaderTemplate:214 - ABoxList file:/Users/kien/benchmarks/UOB/dl620/1/aboxListOriginU1.txt
2016-04-14 14:13:33 INFO  OntologyReaderTemplate:215 - ABox statistic:
2016-04-14 14:13:33 INFO  OntologyStatistic:47 - Statistic: Number_of_input_individuals = 25453
2016-04-14 14:13:33 INFO  OntologyStatistic:57 - Statistic: Number_of_input_concept_assertions = 46447
2016-04-14 14:13:33 INFO  OntologyStatistic:58 - Statistic: Number_of_input_role_assertions = 143549
2016-04-14 14:13:33 INFO  OntologyStatistic:59 - Statistic: Number_of_input_concept_and_role_assertions = 189996
2016-04-14 14:13:33 INFO  OntologyReaderTemplate:224 - Statistic: Time_loading_input_ontology_in_seconds = 9
2016-04-14 14:13:33 INFO  NPD:35 - Info: Concstructors in the validated ontology:[UNIVERSAL_RESTRICTION, HASVALUE, TRANSITIVITY, Horn_DISJUNCTION, NOMINAL, MIN_CARDINALITY, CONJUNCTION, EXISTENTIAL_RESTRICTION]
2016-04-14 14:13:33 INFO  MaterializeTemplate:80 - Performing role reasoning ...
2016-04-14 14:13:33 INFO  MaterializeTemplate:87 - First time computing deductive closure...
2016-04-14 14:13:38 INFO  SemiNaiveRuleEngine:58 - Reasoning time for deductive closure computing in this step: 4
2016-04-14 14:13:38 INFO  MaterializeTemplate:93 - Starting the abstraction refinement loop...
2016-04-14 14:13:38 INFO  MaterializeTemplate:97 - Current loop: 1
2016-04-14 14:13:38 INFO  MaterializeTemplate:109 - Computing types...
2016-04-14 14:13:38 INFO  MaterializeTemplate:114 - Statistic: Current_loop = 1;Statistic: Number_of_types = 1280
2016-04-14 14:13:38 INFO  MaterializeTemplate:126 - Generating abstractions ...
2016-04-14 14:13:38 INFO  MaterializeTemplate:128 - Info:Number of abstraction ontolog(ies):1
2016-04-14 14:13:38 INFO  MaterializeTemplate:141 - Statistic: Current_loop = 1;Statistic: Number_of_x = 1280
2016-04-14 14:13:38 INFO  MaterializeTemplate:143 - Statistic: Current_loop = 1;Statistic: Number_of_u = 1280
2016-04-14 14:13:38 INFO  MaterializeTemplate:146 - Statistic: Current_loop = 1;Statistic: Number_of_yz = 15884
2016-04-14 14:13:38 INFO  MaterializeTemplate:151 - Statistic: Current_loop = 1;Statistic: Number_of_abstract_individuals_xuyz = 18444
2016-04-14 14:13:39 INFO  MaterializeTemplate:164 - Statistic: Current_loop = 1;Statistic: Number_of_abstract_concept_assertions = 7950
2016-04-14 14:13:39 INFO  MaterializeTemplate:166 - Statistic: Current_loop = 1;Statistic: Number_of_abstract_role_assertions = 15884
2016-04-14 14:13:39 INFO  MaterializeTemplate:168 - Statistic: Current_loop = 1;Statistic: Number_of_abstract_concept_and_role_assertions = 23834
2016-04-14 14:13:39 INFO  MaterializeTemplate:175 - Materializing the abstractions ...
2016-04-14 14:13:39 INFO  MaterializeTemplate:186 - Info:Materializing (splitted) abstract ontology: 1
2016-04-14 14:13:39 INFO  MaterializeTemplate:187 - Info:Size of the (splitted) abstract ontology: 24051
2016-04-14 14:13:39 INFO  InnerReasonerTemplate:116 - ***DEBUG*** star adding axioms for singleton, trans:
2016-04-14 14:13:39 INFO  MarkingAxiomAdder:88 - ***DEBUG*** added Singleton Concepts:44
2016-04-14 14:13:39 INFO  MarkingAxiomAdder:91 - ***DEBUG*** added Concepts having trans neighbours:44
2016-04-14 14:13:39 INFO  InnerReasonerTemplate:122 - ***DEBUG*** end adding axioms for singleton, trans:
2016-04-14 14:13:39 INFO  Konclude_HornSHOIF_InnerReasoner:169 - ***DEBUG*** start adding concepts marking predecessor of singleton concept...
2016-04-14 14:13:39 INFO  MarkingAxiomAdder:126 - ***DEBUG*** added Concepts are predecessors of singleton concepts:1540
2016-04-14 14:13:39 INFO  Konclude_HornSHOIF_InnerReasoner:171 - ***DEBUG*** end adding concepts marking predecessor of singleton concept...
2016-04-14 14:13:39 INFO  Konclude_HornSHOIF_InnerReasoner:115 - Orar Info: Konclude is started.
2016-04-14 14:13:39 INFO  Konclude_HornSHOIF_InnerReasoner:116 - {info} 14:13:39:149 >> Starting Konclude ... 
{info} 14:13:39:149 >> Konclude - Uni Ulm Parallel Reasoner
{info} 14:13:39:149 >> Reasoner for the SROIQV(D) Description Logic, 64-bit, Version v0.6.2-544 - f07c265 (Oct 27 2015)

{info} 14:13:39:151 >> Listening on port '8080'
{info} 14:13:39:151 >> Initializing reasoner. Creating calculation context.

2016-04-14 14:13:39 INFO  Konclude_HornSHOIF_InnerReasoner:123 - Konclude has been started.
2016-04-14 14:13:39 INFO  Konclude_HornSHOIF_InnerReasoner:183 - Connected to Konclude server at: http://localhost:8080
2016-04-14 14:13:43 INFO  InnerReasonerTemplate:136 - Computing concept assertions.... 
2016-04-14 14:13:50 INFO  InnerReasonerTemplate:272 - ***DEBUG*** number of all individuals used to query role asesrtions: 3009
2016-04-14 14:13:50 INFO  InnerReasonerTemplate:275 - ***DEBUG*** number of instances of singleton conepts: 132
2016-04-14 14:13:50 INFO  InnerReasonerTemplate:279 - ***DEBUG*** number of instances of concepts having trans neighbours: 0
2016-04-14 14:13:50 INFO  InnerReasonerTemplate:282 - ***DEBUG*** number of instances of loop concepts: 1265
2016-04-14 14:13:50 INFO  InnerReasonerTemplate:286 - ***DEBUG*** number of instances of predecessors of singleton concepts: 1612
2016-04-14 14:13:50 INFO  InnerReasonerTemplate:138 - Computing role assertions.... 
2016-04-14 14:13:50 INFO  HornSHOIF_InnerReasonerTemplate:36 - ***DEBUG*** individuals U are instances of loop concepts:
2016-04-14 14:13:50 INFO  PrintingHelper:99 - Empty set
2016-04-14 14:13:50 INFO  Konclude_HornSHOIF_InnerReasoner:198 - ***DEBUG*** individuals are instances of singleton concepts:
2016-04-14 14:13:50 INFO  PrintingHelper:94 - Element of the set:
2016-04-14 14:13:50 INFO  PrintingHelper:96 - <http://www.af#abstractU695>
2016-04-14 14:13:50 INFO  PrintingHelper:96 - <http://www.af#abstractU1274>
2016-04-14 14:13:50 INFO  PrintingHelper:96 - <http://uob.iodt.ibm.com/univ-bench-dl.owl#Chemical_Engineering>
2016-04-14 14:13:50 INFO  PrintingHelper:96 - <http://www.af#abstractU494>
2016-04-14 14:13:50 INFO  PrintingHelper:96 - <http://www.af#abstractX719>
2016-04-14 14:13:50 INFO  PrintingHelper:96 - <http://www.af#abstractU291>
2016-04-14 14:13:50 INFO  PrintingHelper:96 - <http://uob.iodt.ibm.com/univ-bench-dl.owl#English>
2016-04-14 14:13:50 INFO  PrintingHelper:96 - <http://www.af#abstractU491>
2016-04-14 14:13:50 INFO  PrintingHelper:96 - <http://www.af#abstractU109>
2016-04-14 14:13:50 INFO  PrintingHelper:96 - <http://uob.iodt.ibm.com/univ-bench-dl.owl#Psychology>
2016-04-14 14:13:50 INFO  PrintingHelper:96 - <http://uob.iodt.ibm.com/univ-bench-dl.owl#Biomedical_Engineering>
2016-04-14 14:13:50 INFO  PrintingHelper:96 - <http://www.af#abstractX712>
2016-04-14 14:13:50 INFO  PrintingHelper:96 - <http://www.af#abstractX715>
2016-04-14 14:13:50 INFO  PrintingHelper:96 - <http://www.af#abstractX614>
2016-04-14 14:13:50 INFO  PrintingHelper:96 - <http://uob.iodt.ibm.com/univ-bench-dl.owl#Medieval_Arts>
2016-04-14 14:13:50 INFO  PrintingHelper:96 - <http://www.af#abstractX514>
2016-04-14 14:13:50 INFO  PrintingHelper:96 - <http://www.af#abstractX491>
2016-04-14 14:13:50 INFO  PrintingHelper:96 - <http://www.af#abstractX175>
2016-04-14 14:13:50 INFO  PrintingHelper:96 - <http://www.af#abstractX815>
2016-04-14 14:13:50 INFO  PrintingHelper:96 - <http://www.af#abstractU516>
2016-04-14 14:13:50 INFO  PrintingHelper:96 - <http://www.af#abstractX987>
2016-04-14 14:13:50 INFO  PrintingHelper:96 - <http://www.af#abstractU514>
2016-04-14 14:13:50 INFO  PrintingHelper:96 - <http://www.af#abstractX516>
2016-04-14 14:13:50 INFO  PrintingHelper:96 - <http://www.af#abstractU33>
2016-04-14 14:13:50 INFO  PrintingHelper:96 - <http://www.af#abstractU289>
2016-04-14 14:13:50 INFO  PrintingHelper:96 - <http://uob.iodt.ibm.com/univ-bench-dl.owl#Industry_Engineering>
2016-04-14 14:13:50 INFO  PrintingHelper:96 - <http://www.af#abstractU506>
2016-04-14 14:13:50 INFO  PrintingHelper:96 - <http://uob.iodt.ibm.com/univ-bench-dl.owl#Astronomy>
2016-04-14 14:13:50 INFO  PrintingHelper:96 - <http://www.af#abstractX477>
2016-04-14 14:13:50 INFO  PrintingHelper:96 - <http://www.af#abstractX291>
2016-04-14 14:13:50 INFO  PrintingHelper:96 - <http://uob.iodt.ibm.com/univ-bench-dl.owl#History>
2016-04-14 14:13:50 INFO  PrintingHelper:96 - <http://www.af#abstractX109>
2016-04-14 14:13:50 INFO  PrintingHelper:96 - <http://uob.iodt.ibm.com/univ-bench-dl.owl#Civil_Engineering>
2016-04-14 14:13:50 INFO  PrintingHelper:96 - <http://www.af#abstractU719>
2016-04-14 14:13:50 INFO  PrintingHelper:96 - <http://www.af#abstractU715>
2016-04-14 14:13:50 INFO  PrintingHelper:96 - <http://www.af#abstractU1>
2016-04-14 14:13:50 INFO  PrintingHelper:96 - <http://www.af#abstractU712>
2016-04-14 14:13:50 INFO  PrintingHelper:96 - <http://uob.iodt.ibm.com/univ-bench-dl.owl#Baseball>
2016-04-14 14:13:50 INFO  PrintingHelper:96 - <http://uob.iodt.ibm.com/univ-bench-dl.owl#Computer_Engineering>
2016-04-14 14:13:50 INFO  PrintingHelper:96 - <http://www.af#abstractX1274>
2016-04-14 14:13:50 INFO  PrintingHelper:96 - <http://uob.iodt.ibm.com/univ-bench-dl.owl#Mechanical_Engineering>
2016-04-14 14:13:50 INFO  PrintingHelper:96 - <http://www.af#abstractX725>
2016-04-14 14:13:50 INFO  PrintingHelper:96 - <http://www.af#abstractU26>
2016-04-14 14:13:50 INFO  PrintingHelper:96 - <http://www.af#abstractU501>
2016-04-14 14:13:50 INFO  PrintingHelper:96 - <http://uob.iodt.ibm.com/univ-bench-dl.owl#Performing_Arts>
2016-04-14 14:13:50 INFO  PrintingHelper:96 - <http://www.af#abstractX289>
2016-04-14 14:13:50 INFO  PrintingHelper:96 - <http://www.af#abstractX1072>
2016-04-14 14:13:50 INFO  PrintingHelper:96 - <http://uob.iodt.ibm.com/univ-bench-dl.owl#Media_Arts_And_ciences>
2016-04-14 14:13:50 INFO  PrintingHelper:96 - <http://www.af#abstractU614>
2016-04-14 14:13:50 INFO  PrintingHelper:96 - <http://www.af#abstractU477>
2016-04-14 14:13:50 INFO  PrintingHelper:96 - <http://www.af#abstractU539>
2016-04-14 14:13:50 INFO  PrintingHelper:96 - <http://uob.iodt.ibm.com/univ-bench-dl.owl#Swimming>
2016-04-14 14:13:50 INFO  PrintingHelper:96 - <http://www.af#abstractU1215>
2016-04-14 14:13:50 INFO  PrintingHelper:96 - <http://uob.iodt.ibm.com/univ-bench-dl.owl#Tennis>
2016-04-14 14:13:50 INFO  PrintingHelper:96 - <http://www.af#abstractX1>
2016-04-14 14:13:50 INFO  PrintingHelper:96 - <http://www.af#abstractU725>
2016-04-14 14:13:50 INFO  PrintingHelper:96 - <http://uob.iodt.ibm.com/univ-bench-dl.owl#Petroleuml_Engineering>
2016-04-14 14:13:50 INFO  PrintingHelper:96 - <http://uob.iodt.ibm.com/univ-bench-dl.owl#Theatre_and_Dance>
2016-04-14 14:13:50 INFO  PrintingHelper:96 - <http://uob.iodt.ibm.com/univ-bench-dl.owl#Geosciences>
2016-04-14 14:13:50 INFO  PrintingHelper:96 - <http://www.af#abstractU1148>
2016-04-14 14:13:50 INFO  PrintingHelper:96 - <http://www.af#abstractU132>
2016-04-14 14:13:50 INFO  PrintingHelper:96 - <http://www.af#abstractU846>
2016-04-14 14:13:50 INFO  PrintingHelper:96 - <http://www.af#abstractU80>
2016-04-14 14:13:50 INFO  PrintingHelper:96 - <http://www.af#abstractU83>
2016-04-14 14:13:50 INFO  PrintingHelper:96 - <http://www.af#abstractX455>
2016-04-14 14:13:50 INFO  PrintingHelper:96 - <http://uob.iodt.ibm.com/univ-bench-dl.owl#Modern_Languages>
2016-04-14 14:13:50 INFO  PrintingHelper:96 - <http://uob.iodt.ibm.com/univ-bench-dl.owl#Humanities>
2016-04-14 14:13:50 INFO  PrintingHelper:96 - <http://www.af#abstractX26>
2016-04-14 14:13:50 INFO  PrintingHelper:96 - <http://uob.iodt.ibm.com/univ-bench-dl.owl#Aeronautical_Engineering>
2016-04-14 14:13:50 INFO  PrintingHelper:96 - <http://uob.iodt.ibm.com/univ-bench-dl.owl#Materials_Science>
2016-04-14 14:13:50 INFO  PrintingHelper:96 - <http://www.af#abstractX33>
2016-04-14 14:13:50 INFO  PrintingHelper:96 - <http://uob.iodt.ibm.com/univ-bench-dl.owl#Asian_Arts>
2016-04-14 14:13:50 INFO  PrintingHelper:96 - <http://www.af#abstractU1072>
2016-04-14 14:13:50 INFO  PrintingHelper:96 - <http://www.af#abstractU734>
2016-04-14 14:13:50 INFO  PrintingHelper:96 - <http://uob.iodt.ibm.com/univ-bench-dl.owl#Computer_Science>
2016-04-14 14:13:50 INFO  PrintingHelper:96 - <http://www.af#abstractX506>
2016-04-14 14:13:50 INFO  PrintingHelper:96 - <http://www.af#abstractX501>
2016-04-14 14:13:50 INFO  PrintingHelper:96 - <http://uob.iodt.ibm.com/univ-bench-dl.owl#Economics>
2016-04-14 14:13:50 INFO  PrintingHelper:96 - <http://www.af#abstractX846>
2016-04-14 14:13:50 INFO  PrintingHelper:96 - <http://www.af#abstractU1237>
2016-04-14 14:13:50 INFO  PrintingHelper:96 - <http://www.af#abstractX1237>
2016-04-14 14:13:50 INFO  PrintingHelper:96 - <http://www.af#abstractU658>
2016-04-14 14:13:50 INFO  PrintingHelper:96 - <http://www.af#abstractX132>
2016-04-14 14:13:50 INFO  PrintingHelper:96 - <http://www.af#abstractU932>
2016-04-14 14:13:50 INFO  PrintingHelper:96 - <http://www.af#abstractU655>
2016-04-14 14:13:50 INFO  PrintingHelper:96 - <http://uob.iodt.ibm.com/univ-bench-dl.owl#Drama>
2016-04-14 14:13:50 INFO  PrintingHelper:96 - <http://uob.iodt.ibm.com/univ-bench-dl.owl#Linguistics>
2016-04-14 14:13:50 INFO  PrintingHelper:96 - <http://uob.iodt.ibm.com/univ-bench-dl.owl#Religions>
2016-04-14 14:13:50 INFO  PrintingHelper:96 - <http://uob.iodt.ibm.com/univ-bench-dl.owl#Architecture>
2016-04-14 14:13:50 INFO  PrintingHelper:96 - <http://uob.iodt.ibm.com/univ-bench-dl.owl#Chemistry>
2016-04-14 14:13:50 INFO  PrintingHelper:96 - <http://www.af#abstractX658>
2016-04-14 14:13:50 INFO  PrintingHelper:96 - <http://www.af#abstractU1063>
2016-04-14 14:13:50 INFO  PrintingHelper:96 - <http://www.af#abstractX655>
2016-04-14 14:13:50 INFO  PrintingHelper:96 - <http://www.af#abstractU455>
2016-04-14 14:13:50 INFO  PrintingHelper:96 - <http://www.af#abstractX1215>
2016-04-14 14:13:50 INFO  PrintingHelper:96 - <http://www.af#abstractX61>
2016-04-14 14:13:50 INFO  PrintingHelper:96 - <http://www.af#abstractX932>
2016-04-14 14:13:50 INFO  PrintingHelper:96 - <http://www.af#abstractX762>
2016-04-14 14:13:50 INFO  PrintingHelper:96 - <http://www.af#abstractU743>
2016-04-14 14:13:50 INFO  PrintingHelper:96 - <http://uob.iodt.ibm.com/univ-bench-dl.owl#Physics>
2016-04-14 14:13:50 INFO  PrintingHelper:96 - <http://www.af#abstractU547>
2016-04-14 14:13:50 INFO  PrintingHelper:96 - <http://www.af#abstractU61>
2016-04-14 14:13:50 INFO  PrintingHelper:96 - <http://www.af#abstractX57>
2016-04-14 14:13:50 INFO  PrintingHelper:96 - <http://uob.iodt.ibm.com/univ-bench-dl.owl#Biology>
2016-04-14 14:13:50 INFO  PrintingHelper:96 - <http://uob.iodt.ibm.com/univ-bench-dl.owl#Marine_Science>
2016-04-14 14:13:50 INFO  PrintingHelper:96 - <http://www.af#abstractX1063>
2016-04-14 14:13:50 INFO  PrintingHelper:96 - <http://uob.iodt.ibm.com/univ-bench-dl.owl#Latin_Arts>
2016-04-14 14:13:50 INFO  PrintingHelper:96 - <http://uob.iodt.ibm.com/univ-bench-dl.owl#Mathematics>
2016-04-14 14:13:50 INFO  PrintingHelper:96 - <http://www.af#abstractX734>
2016-04-14 14:13:50 INFO  PrintingHelper:96 - <http://www.af#abstractX539>
2016-04-14 14:13:50 INFO  PrintingHelper:96 - <http://www.af#abstractU987>
2016-04-14 14:13:50 INFO  PrintingHelper:96 - <http://uob.iodt.ibm.com/univ-bench-dl.owl#Philosophy>
2016-04-14 14:13:50 INFO  PrintingHelper:96 - <http://www.af#abstractU57>
2016-04-14 14:13:50 INFO  PrintingHelper:96 - <http://www.af#abstractU815>
2016-04-14 14:13:50 INFO  PrintingHelper:96 - <http://uob.iodt.ibm.com/univ-bench-dl.owl#Statistics>
2016-04-14 14:13:50 INFO  PrintingHelper:96 - <http://www.af#abstractU367>
2016-04-14 14:13:50 INFO  PrintingHelper:96 - <http://uob.iodt.ibm.com/univ-bench-dl.owl#Anthropology>
2016-04-14 14:13:50 INFO  PrintingHelper:96 - <http://uob.iodt.ibm.com/univ-bench-dl.owl#Musics>
2016-04-14 14:13:50 INFO  PrintingHelper:96 - <http://uob.iodt.ibm.com/univ-bench-dl.owl#BasketBall>
2016-04-14 14:13:50 INFO  PrintingHelper:96 - <http://www.af#abstractX83>
2016-04-14 14:13:50 INFO  PrintingHelper:96 - <http://www.af#abstractX494>
2016-04-14 14:13:50 INFO  PrintingHelper:96 - <http://www.af#abstractX80>
2016-04-14 14:13:50 INFO  PrintingHelper:96 - <http://www.af#abstractU175>
2016-04-14 14:13:50 INFO  PrintingHelper:96 - <http://uob.iodt.ibm.com/univ-bench-dl.owl#Materical_Science_Engineering>
2016-04-14 14:13:50 INFO  PrintingHelper:96 - <http://uob.iodt.ibm.com/univ-bench-dl.owl#Modern_Arts>
2016-04-14 14:13:50 INFO  PrintingHelper:96 - <http://www.af#abstractX743>
2016-04-14 14:13:50 INFO  PrintingHelper:96 - <http://www.af#abstractU762>
2016-04-14 14:13:50 INFO  PrintingHelper:96 - <http://www.af#abstractX1148>
2016-04-14 14:13:50 INFO  PrintingHelper:96 - <http://www.af#abstractX695>
2016-04-14 14:13:50 INFO  PrintingHelper:96 - <http://uob.iodt.ibm.com/univ-bench-dl.owl#Electrical_Engineering>
2016-04-14 14:13:50 INFO  PrintingHelper:96 - <http://www.af#abstractX547>
2016-04-14 14:13:50 INFO  PrintingHelper:96 - <http://www.af#abstractX367>
2016-04-14 14:13:50 INFO  Konclude_HornSHOIF_InnerReasoner:207 - ***DEBUG*** individuals U are instances of singleton	 concepts:
2016-04-14 14:13:50 INFO  PrintingHelper:94 - Element of the set:
2016-04-14 14:13:50 INFO  PrintingHelper:96 - <http://www.af#abstractU695>
2016-04-14 14:13:50 INFO  PrintingHelper:96 - <http://www.af#abstractU1274>
2016-04-14 14:13:50 INFO  PrintingHelper:96 - <http://www.af#abstractU494>
2016-04-14 14:13:50 INFO  PrintingHelper:96 - <http://www.af#abstractU291>
2016-04-14 14:13:50 INFO  PrintingHelper:96 - <http://www.af#abstractU491>
2016-04-14 14:13:50 INFO  PrintingHelper:96 - <http://www.af#abstractU109>
2016-04-14 14:13:50 INFO  PrintingHelper:96 - <http://www.af#abstractU516>
2016-04-14 14:13:50 INFO  PrintingHelper:96 - <http://www.af#abstractU514>
2016-04-14 14:13:50 INFO  PrintingHelper:96 - <http://www.af#abstractU33>
2016-04-14 14:13:50 INFO  PrintingHelper:96 - <http://www.af#abstractU289>
2016-04-14 14:13:50 INFO  PrintingHelper:96 - <http://www.af#abstractU506>
2016-04-14 14:13:50 INFO  PrintingHelper:96 - <http://www.af#abstractU719>
2016-04-14 14:13:50 INFO  PrintingHelper:96 - <http://www.af#abstractU715>
2016-04-14 14:13:50 INFO  PrintingHelper:96 - <http://www.af#abstractU1>
2016-04-14 14:13:50 INFO  PrintingHelper:96 - <http://www.af#abstractU712>
2016-04-14 14:13:50 INFO  PrintingHelper:96 - <http://www.af#abstractU26>
2016-04-14 14:13:50 INFO  PrintingHelper:96 - <http://www.af#abstractU501>
2016-04-14 14:13:50 INFO  PrintingHelper:96 - <http://www.af#abstractU614>
2016-04-14 14:13:50 INFO  PrintingHelper:96 - <http://www.af#abstractU477>
2016-04-14 14:13:50 INFO  PrintingHelper:96 - <http://www.af#abstractU539>
2016-04-14 14:13:50 INFO  PrintingHelper:96 - <http://www.af#abstractU1215>
2016-04-14 14:13:50 INFO  PrintingHelper:96 - <http://www.af#abstractU725>
2016-04-14 14:13:50 INFO  PrintingHelper:96 - <http://www.af#abstractU1148>
2016-04-14 14:13:50 INFO  PrintingHelper:96 - <http://www.af#abstractU132>
2016-04-14 14:13:50 INFO  PrintingHelper:96 - <http://www.af#abstractU846>
2016-04-14 14:13:50 INFO  PrintingHelper:96 - <http://www.af#abstractU80>
2016-04-14 14:13:50 INFO  PrintingHelper:96 - <http://www.af#abstractU83>
2016-04-14 14:13:50 INFO  PrintingHelper:96 - <http://www.af#abstractU1072>
2016-04-14 14:13:50 INFO  PrintingHelper:96 - <http://www.af#abstractU734>
2016-04-14 14:13:50 INFO  PrintingHelper:96 - <http://www.af#abstractU1237>
2016-04-14 14:13:50 INFO  PrintingHelper:96 - <http://www.af#abstractU658>
2016-04-14 14:13:50 INFO  PrintingHelper:96 - <http://www.af#abstractU932>
2016-04-14 14:13:50 INFO  PrintingHelper:96 - <http://www.af#abstractU655>
2016-04-14 14:13:50 INFO  PrintingHelper:96 - <http://www.af#abstractU1063>
2016-04-14 14:13:50 INFO  PrintingHelper:96 - <http://www.af#abstractU455>
2016-04-14 14:13:50 INFO  PrintingHelper:96 - <http://www.af#abstractU743>
2016-04-14 14:13:50 INFO  PrintingHelper:96 - <http://www.af#abstractU547>
2016-04-14 14:13:50 INFO  PrintingHelper:96 - <http://www.af#abstractU61>
2016-04-14 14:13:50 INFO  PrintingHelper:96 - <http://www.af#abstractU987>
2016-04-14 14:13:50 INFO  PrintingHelper:96 - <http://www.af#abstractU57>
2016-04-14 14:13:50 INFO  PrintingHelper:96 - <http://www.af#abstractU815>
2016-04-14 14:13:50 INFO  PrintingHelper:96 - <http://www.af#abstractU367>
2016-04-14 14:13:50 INFO  PrintingHelper:96 - <http://www.af#abstractU175>
2016-04-14 14:13:50 INFO  PrintingHelper:96 - <http://www.af#abstractU762>
2016-04-14 14:13:55 INFO  Konclude_HornSHOIF_InnerReasoner:239 - ***DEBUG*** individuals U are instances (possibly being predecessors) of singleton concepts:
2016-04-14 14:13:55 INFO  PrintingHelper:94 - Element of the set:
2016-04-14 14:13:55 INFO  PrintingHelper:96 - <http://www.af#abstractU606>
2016-04-14 14:13:55 INFO  PrintingHelper:96 - <http://www.af#abstractU605>
2016-04-14 14:13:55 INFO  PrintingHelper:96 - <http://www.af#abstractU609>
2016-04-14 14:13:55 INFO  PrintingHelper:96 - <http://www.af#abstractU600>
2016-04-14 14:13:55 INFO  PrintingHelper:96 - <http://www.af#abstractU603>
2016-04-14 14:13:55 INFO  PrintingHelper:96 - <http://www.af#abstractU604>
2016-04-14 14:13:55 INFO  PrintingHelper:96 - <http://www.af#abstractU601>
2016-04-14 14:13:55 INFO  PrintingHelper:96 - <http://www.af#abstractU602>
2016-04-14 14:13:55 INFO  PrintingHelper:96 - <http://www.af#abstractU617>
2016-04-14 14:13:55 INFO  PrintingHelper:96 - <http://www.af#abstractU616>
2016-04-14 14:13:55 INFO  PrintingHelper:96 - <http://www.af#abstractU619>
2016-04-14 14:13:55 INFO  PrintingHelper:96 - <http://www.af#abstractU618>
2016-04-14 14:13:55 INFO  PrintingHelper:96 - <http://www.af#abstractU610>
2016-04-14 14:13:55 INFO  PrintingHelper:96 - <http://www.af#abstractU199>
2016-04-14 14:13:55 INFO  PrintingHelper:96 - <http://www.af#abstractU196>
2016-04-14 14:13:55 INFO  PrintingHelper:96 - <http://www.af#abstractU194>
2016-04-14 14:13:55 INFO  PrintingHelper:96 - <http://www.af#abstractU188>
2016-04-14 14:13:55 INFO  PrintingHelper:96 - <http://www.af#abstractU182>
2016-04-14 14:13:55 INFO  PrintingHelper:96 - <http://www.af#abstractU184>
2016-04-14 14:13:55 INFO  PrintingHelper:96 - <http://www.af#abstractU185>
2016-04-14 14:13:55 INFO  PrintingHelper:96 - <http://www.af#abstractU192>
2016-04-14 14:13:55 INFO  PrintingHelper:96 - <http://www.af#abstractU191>
2016-04-14 14:13:55 INFO  PrintingHelper:96 - <http://www.af#abstractU1091>
2016-04-14 14:13:55 INFO  PrintingHelper:96 - <http://www.af#abstractU1095>
2016-04-14 14:13:55 INFO  PrintingHelper:96 - <http://www.af#abstractU1094>
2016-04-14 14:13:55 INFO  PrintingHelper:96 - <http://www.af#abstractU1099>
2016-04-14 14:13:55 INFO  PrintingHelper:96 - <http://www.af#abstractU1097>
2016-04-14 14:13:55 INFO  PrintingHelper:96 - <http://www.af#abstractU1098>
2016-04-14 14:13:55 INFO  PrintingHelper:96 - <http://www.af#abstractU1080>
2016-04-14 14:13:55 INFO  PrintingHelper:96 - <http://www.af#abstractU1081>
2016-04-14 14:13:55 INFO  PrintingHelper:96 - <http://www.af#abstractU1087>
2016-04-14 14:13:55 INFO  PrintingHelper:96 - <http://www.af#abstractU1088>
2016-04-14 14:13:55 INFO  PrintingHelper:96 - <http://www.af#abstractU1073>
2016-04-14 14:13:55 INFO  PrintingHelper:96 - <http://www.af#abstractU1071>
2016-04-14 14:13:55 INFO  PrintingHelper:96 - <http://www.af#abstractU1070>
2016-04-14 14:13:55 INFO  PrintingHelper:96 - <http://www.af#abstractU1079>
2016-04-14 14:13:55 INFO  PrintingHelper:96 - <http://www.af#abstractU1077>
2016-04-14 14:13:55 INFO  PrintingHelper:96 - <http://www.af#abstractU1078>
2016-04-14 14:13:55 INFO  PrintingHelper:96 - <http://www.af#abstractU1065>
2016-04-14 14:13:55 INFO  PrintingHelper:96 - <http://www.af#abstractU1064>
2016-04-14 14:13:55 INFO  PrintingHelper:96 - <http://www.af#abstractU1067>
2016-04-14 14:13:55 INFO  PrintingHelper:96 - <http://www.af#abstractU1069>
2016-04-14 14:13:55 INFO  PrintingHelper:96 - <http://www.af#abstractU1068>
2016-04-14 14:13:55 INFO  PrintingHelper:96 - <http://www.af#abstractU1062>
2016-04-14 14:13:55 INFO  PrintingHelper:96 - <http://www.af#abstractU1056>
2016-04-14 14:13:55 INFO  PrintingHelper:96 - <http://www.af#abstractU1054>
2016-04-14 14:13:55 INFO  PrintingHelper:96 - <http://www.af#abstractU1053>
2016-04-14 14:13:55 INFO  PrintingHelper:96 - <http://www.af#abstractU1058>
2016-04-14 14:13:55 INFO  PrintingHelper:96 - <http://www.af#abstractU1057>
2016-04-14 14:13:55 INFO  PrintingHelper:96 - <http://www.af#abstractU1052>
2016-04-14 14:13:55 INFO  PrintingHelper:96 - <http://www.af#abstractU1050>
2016-04-14 14:13:55 INFO  PrintingHelper:96 - <http://www.af#abstractU1039>
2016-04-14 14:13:55 INFO  PrintingHelper:96 - <http://www.af#abstractU1047>
2016-04-14 14:13:55 INFO  PrintingHelper:96 - <http://www.af#abstractU988>
2016-04-14 14:13:55 INFO  PrintingHelper:96 - <http://www.af#abstractU1049>
2016-04-14 14:13:55 INFO  PrintingHelper:96 - <http://www.af#abstractU986>
2016-04-14 14:13:55 INFO  PrintingHelper:96 - <http://www.af#abstractU984>
2016-04-14 14:13:55 INFO  PrintingHelper:96 - <http://www.af#abstractU985>
2016-04-14 14:13:55 INFO  PrintingHelper:96 - <http://www.af#abstractU1042>
2016-04-14 14:13:55 INFO  PrintingHelper:96 - <http://www.af#abstractU1045>
2016-04-14 14:13:55 INFO  PrintingHelper:96 - <http://www.af#abstractU983>
2016-04-14 14:13:55 INFO  PrintingHelper:96 - <http://www.af#abstractU980>
2016-04-14 14:13:55 INFO  PrintingHelper:96 - <http://www.af#abstractU981>
2016-04-14 14:13:55 INFO  PrintingHelper:96 - <http://www.af#abstractU1041>
2016-04-14 14:13:55 INFO  PrintingHelper:96 - <http://www.af#abstractU1028>
2016-04-14 14:13:55 INFO  PrintingHelper:96 - <http://www.af#abstractU1029>
2016-04-14 14:13:55 INFO  PrintingHelper:96 - <http://www.af#abstractU997>
2016-04-14 14:13:55 INFO  PrintingHelper:96 - <http://www.af#abstractU1038>
2016-04-14 14:13:55 INFO  PrintingHelper:96 - <http://www.af#abstractU1037>
2016-04-14 14:13:55 INFO  PrintingHelper:96 - <http://www.af#abstractU999>
2016-04-14 14:13:55 INFO  PrintingHelper:96 - <http://www.af#abstractU1036>
2016-04-14 14:13:55 INFO  PrintingHelper:96 - <http://www.af#abstractU993>
2016-04-14 14:13:55 INFO  PrintingHelper:96 - <http://www.af#abstractU995>
2016-04-14 14:13:55 INFO  PrintingHelper:96 - <http://www.af#abstractU1031>
2016-04-14 14:13:55 INFO  PrintingHelper:96 - <http://www.af#abstractU1030>
2016-04-14 14:13:55 INFO  PrintingHelper:96 - <http://www.af#abstractU991>
2016-04-14 14:13:55 INFO  PrintingHelper:96 - <http://www.af#abstractU992>
2016-04-14 14:13:55 INFO  PrintingHelper:96 - <http://www.af#abstractU206>
2016-04-14 14:13:55 INFO  PrintingHelper:96 - <http://www.af#abstractU205>
2016-04-14 14:13:55 INFO  PrintingHelper:96 - <http://www.af#abstractU1014>
2016-04-14 14:13:55 INFO  PrintingHelper:96 - <http://www.af#abstractU977>
2016-04-14 14:13:55 INFO  PrintingHelper:96 - <http://www.af#abstractU976>
2016-04-14 14:13:55 INFO  PrintingHelper:96 - <http://www.af#abstractU1015>
2016-04-14 14:13:55 INFO  PrintingHelper:96 - <http://www.af#abstractU208>
2016-04-14 14:13:55 INFO  PrintingHelper:96 - <http://www.af#abstractU975>
2016-04-14 14:13:55 INFO  PrintingHelper:96 - <http://www.af#abstractU1016>
2016-04-14 14:13:55 INFO  PrintingHelper:96 - <http://www.af#abstractU202>
2016-04-14 14:13:55 INFO  PrintingHelper:96 - <http://www.af#abstractU201>
2016-04-14 14:13:55 INFO  PrintingHelper:96 - <http://www.af#abstractU1011>
2016-04-14 14:13:55 INFO  PrintingHelper:96 - <http://www.af#abstractU204>
2016-04-14 14:13:55 INFO  PrintingHelper:96 - <http://www.af#abstractU972>
2016-04-14 14:13:55 INFO  PrintingHelper:96 - <http://www.af#abstractU1012>
2016-04-14 14:13:55 INFO  PrintingHelper:96 - <http://www.af#abstractU971>
2016-04-14 14:13:55 INFO  PrintingHelper:96 - <http://www.af#abstractU1007>
2016-04-14 14:13:55 INFO  PrintingHelper:96 - <http://www.af#abstractU209>
2016-04-14 14:13:55 INFO  PrintingHelper:96 - <http://www.af#abstractU979>
2016-04-14 14:13:55 INFO  PrintingHelper:96 - <http://www.af#abstractU1009>
2016-04-14 14:13:55 INFO  PrintingHelper:96 - <http://www.af#abstractU1008>
2016-04-14 14:13:55 INFO  PrintingHelper:96 - <http://www.af#abstractU211>
2016-04-14 14:13:55 INFO  PrintingHelper:96 - <http://www.af#abstractU3>
2016-04-14 14:13:55 INFO  PrintingHelper:96 - <http://www.af#abstractU210>
2016-04-14 14:13:55 INFO  PrintingHelper:96 - <http://www.af#abstractU4>
2016-04-14 14:13:55 INFO  PrintingHelper:96 - <http://www.af#abstractU5>
2016-04-14 14:13:55 INFO  PrintingHelper:96 - <http://www.af#abstractU7>
2016-04-14 14:13:55 INFO  PrintingHelper:96 - <http://www.af#abstractU219>
2016-04-14 14:13:55 INFO  PrintingHelper:96 - <http://www.af#abstractU965>
2016-04-14 14:13:56 INFO  PrintingHelper:96 - <http://www.af#abstractU1027>
2016-04-14 14:13:56 INFO  PrintingHelper:96 - <http://www.af#abstractU218>
2016-04-14 14:13:56 INFO  PrintingHelper:96 - <http://www.af#abstractU217>
2016-04-14 14:13:56 INFO  PrintingHelper:96 - <http://www.af#abstractU1024>
2016-04-14 14:13:56 INFO  PrintingHelper:96 - <http://www.af#abstractU967>
2016-04-14 14:13:56 INFO  PrintingHelper:96 - <http://www.af#abstractU216>
2016-04-14 14:13:56 INFO  PrintingHelper:96 - <http://www.af#abstractU1025>
2016-04-14 14:13:56 INFO  PrintingHelper:96 - <http://www.af#abstractU961>
2016-04-14 14:13:56 INFO  PrintingHelper:96 - <http://www.af#abstractU960>
2016-04-14 14:13:56 INFO  PrintingHelper:96 - <http://www.af#abstractU214>
2016-04-14 14:13:56 INFO  PrintingHelper:96 - <http://www.af#abstractU1023>
2016-04-14 14:13:56 INFO  PrintingHelper:96 - <http://www.af#abstractU213>
2016-04-14 14:13:56 INFO  PrintingHelper:96 - <http://www.af#abstractU1020>
2016-04-14 14:13:56 INFO  PrintingHelper:96 - <http://www.af#abstractU962>
2016-04-14 14:13:56 INFO  PrintingHelper:96 - <http://www.af#abstractU212>
2016-04-14 14:13:56 INFO  PrintingHelper:96 - <http://www.af#abstractU1021>
2016-04-14 14:13:56 INFO  PrintingHelper:96 - <http://www.af#abstractU2>
2016-04-14 14:13:56 INFO  PrintingHelper:96 - <http://www.af#abstractU968>
2016-04-14 14:13:56 INFO  PrintingHelper:96 - <http://www.af#abstractU1019>
2016-04-14 14:13:56 INFO  PrintingHelper:96 - <http://www.af#abstractU1018>
2016-04-14 14:13:56 INFO  PrintingHelper:96 - <http://www.af#abstractU952>
2016-04-14 14:13:56 INFO  PrintingHelper:96 - <http://www.af#abstractU950>
2016-04-14 14:13:56 INFO  PrintingHelper:96 - <http://www.af#abstractU953>
2016-04-14 14:13:56 INFO  PrintingHelper:96 - <http://www.af#abstractU959>
2016-04-14 14:13:56 INFO  PrintingHelper:96 - <http://www.af#abstractU1000>
2016-04-14 14:13:56 INFO  PrintingHelper:96 - <http://www.af#abstractU1001>
2016-04-14 14:13:56 INFO  PrintingHelper:96 - <http://www.af#abstractU940>
2016-04-14 14:13:56 INFO  PrintingHelper:96 - <http://www.af#abstractU1005>
2016-04-14 14:13:56 INFO  PrintingHelper:96 - <http://www.af#abstractU942>
2016-04-14 14:13:56 INFO  PrintingHelper:96 - <http://www.af#abstractU945>
2016-04-14 14:13:56 INFO  PrintingHelper:96 - <http://www.af#abstractU1002>
2016-04-14 14:13:56 INFO  PrintingHelper:96 - <http://www.af#abstractU944>
2016-04-14 14:13:56 INFO  PrintingHelper:96 - <http://www.af#abstractU946>
2016-04-14 14:13:56 INFO  PrintingHelper:96 - <http://www.af#abstractU948>
2016-04-14 14:13:56 INFO  PrintingHelper:96 - <http://www.af#abstractU933>
2016-04-14 14:13:56 INFO  PrintingHelper:96 - <http://www.af#abstractU934>
2016-04-14 14:13:56 INFO  PrintingHelper:96 - <http://www.af#abstractU930>
2016-04-14 14:13:56 INFO  PrintingHelper:96 - <http://www.af#abstractU939>
2016-04-14 14:13:56 INFO  PrintingHelper:96 - <http://www.af#abstractU938>
2016-04-14 14:13:56 INFO  PrintingHelper:96 - <http://www.af#abstractU936>
2016-04-14 14:13:56 INFO  PrintingHelper:96 - <http://www.af#abstractU935>
2016-04-14 14:13:56 INFO  PrintingHelper:96 - <http://www.af#abstractU920>
2016-04-14 14:13:56 INFO  PrintingHelper:96 - <http://www.af#abstractU921>
2016-04-14 14:13:56 INFO  PrintingHelper:96 - <http://www.af#abstractU923>
2016-04-14 14:13:56 INFO  PrintingHelper:96 - <http://www.af#abstractU929>
2016-04-14 14:13:56 INFO  PrintingHelper:96 - <http://www.af#abstractU927>
2016-04-14 14:13:56 INFO  PrintingHelper:96 - <http://www.af#abstractU926>
2016-04-14 14:13:56 INFO  PrintingHelper:96 - <http://www.af#abstractU911>
2016-04-14 14:13:56 INFO  PrintingHelper:96 - <http://www.af#abstractU910>
2016-04-14 14:13:56 INFO  PrintingHelper:96 - <http://www.af#abstractU916>
2016-04-14 14:13:56 INFO  PrintingHelper:96 - <http://www.af#abstractU915>
2016-04-14 14:13:56 INFO  PrintingHelper:96 - <http://www.af#abstractU914>
2016-04-14 14:13:56 INFO  PrintingHelper:96 - <http://www.af#abstractU919>
2016-04-14 14:13:56 INFO  PrintingHelper:96 - <http://www.af#abstractU900>
2016-04-14 14:13:56 INFO  PrintingHelper:96 - <http://www.af#abstractU901>
2016-04-14 14:13:56 INFO  PrintingHelper:96 - <http://www.af#abstractU903>
2016-04-14 14:13:56 INFO  PrintingHelper:96 - <http://www.af#abstractU902>
2016-04-14 14:13:56 INFO  PrintingHelper:96 - <http://www.af#abstractU905>
2016-04-14 14:13:56 INFO  PrintingHelper:96 - <http://www.af#abstractU904>
2016-04-14 14:13:56 INFO  PrintingHelper:96 - <http://www.af#abstractU907>
2016-04-14 14:13:56 INFO  PrintingHelper:96 - <http://www.af#abstractU906>
2016-04-14 14:13:56 INFO  PrintingHelper:96 - <http://www.af#abstractU908>
2016-04-14 14:13:56 INFO  PrintingHelper:96 - <http://www.af#abstractU692>
2016-04-14 14:13:56 INFO  PrintingHelper:96 - <http://www.af#abstractU693>
2016-04-14 14:13:56 INFO  PrintingHelper:96 - <http://www.af#abstractU690>
2016-04-14 14:13:56 INFO  PrintingHelper:96 - <http://www.af#abstractU290>
2016-04-14 14:13:56 INFO  PrintingHelper:96 - <http://www.af#abstractU699>
2016-04-14 14:13:56 INFO  PrintingHelper:96 - <http://www.af#abstractU287>
2016-04-14 14:13:56 INFO  PrintingHelper:96 - <http://www.af#abstractU285>
2016-04-14 14:13:56 INFO  PrintingHelper:96 - <http://www.af#abstractU283>
2016-04-14 14:13:56 INFO  PrintingHelper:96 - <http://www.af#abstractU282>
2016-04-14 14:13:56 INFO  PrintingHelper:96 - <http://www.af#abstractU681>
2016-04-14 14:13:56 INFO  PrintingHelper:96 - <http://www.af#abstractU682>
2016-04-14 14:13:56 INFO  PrintingHelper:96 - <http://www.af#abstractU683>
2016-04-14 14:13:56 INFO  PrintingHelper:96 - <http://www.af#abstractU684>
2016-04-14 14:13:56 INFO  PrintingHelper:96 - <http://www.af#abstractU680>
2016-04-14 14:13:56 INFO  PrintingHelper:96 - <http://www.af#abstractU689>
2016-04-14 14:13:56 INFO  PrintingHelper:96 - <http://www.af#abstractU685>
2016-04-14 14:13:56 INFO  PrintingHelper:96 - <http://www.af#abstractU686>
2016-04-14 14:13:56 INFO  PrintingHelper:96 - <http://www.af#abstractU687>
2016-04-14 14:13:56 INFO  PrintingHelper:96 - <http://www.af#abstractU688>
2016-04-14 14:13:56 INFO  PrintingHelper:96 - <http://www.af#abstractU296>
2016-04-14 14:13:56 INFO  PrintingHelper:96 - <http://www.af#abstractU299>
2016-04-14 14:13:56 INFO  PrintingHelper:96 - <http://www.af#abstractU298>
2016-04-14 14:13:56 INFO  PrintingHelper:96 - <http://www.af#abstractU292>
2016-04-14 14:13:56 INFO  PrintingHelper:96 - <http://www.af#abstractU294>
2016-04-14 14:13:56 INFO  PrintingHelper:96 - <http://www.af#abstractU672>
2016-04-14 14:13:56 INFO  PrintingHelper:96 - <http://www.af#abstractU673>
2016-04-14 14:13:56 INFO  PrintingHelper:96 - <http://www.af#abstractU671>
2016-04-14 14:13:56 INFO  PrintingHelper:96 - <http://www.af#abstractU676>
2016-04-14 14:13:56 INFO  PrintingHelper:96 - <http://www.af#abstractU677>
2016-04-14 14:13:56 INFO  PrintingHelper:96 - <http://www.af#abstractU674>
2016-04-14 14:13:56 INFO  PrintingHelper:96 - <http://www.af#abstractU675>
2016-04-14 14:13:56 INFO  PrintingHelper:96 - <http://www.af#abstractU678>
2016-04-14 14:13:56 INFO  PrintingHelper:96 - <http://www.af#abstractU679>
2016-04-14 14:13:56 INFO  PrintingHelper:96 - <http://www.af#abstractU261>
2016-04-14 14:13:56 INFO  PrintingHelper:96 - <http://www.af#abstractU266>
2016-04-14 14:13:56 INFO  PrintingHelper:96 - <http://www.af#abstractU264>
2016-04-14 14:13:56 INFO  PrintingHelper:96 - <http://www.af#abstractU263>
2016-04-14 14:13:56 INFO  PrintingHelper:96 - <http://www.af#abstractU660>
2016-04-14 14:13:56 INFO  PrintingHelper:96 - <http://www.af#abstractU661>
2016-04-14 14:13:56 INFO  PrintingHelper:96 - <http://www.af#abstractU662>
2016-04-14 14:13:56 INFO  PrintingHelper:96 - <http://www.af#abstractU663>
2016-04-14 14:13:56 INFO  PrintingHelper:96 - <http://www.af#abstractU669>
2016-04-14 14:13:56 INFO  PrintingHelper:96 - <http://www.af#abstractU280>
2016-04-14 14:13:56 INFO  PrintingHelper:96 - <http://www.af#abstractU271>
2016-04-14 14:13:56 INFO  PrintingHelper:96 - <http://www.af#abstractU270>
2016-04-14 14:13:56 INFO  PrintingHelper:96 - <http://www.af#abstractU273>
2016-04-14 14:13:56 INFO  PrintingHelper:96 - <http://www.af#abstractU276>
2016-04-14 14:13:56 INFO  PrintingHelper:96 - <http://www.af#abstractU659>
2016-04-14 14:13:56 INFO  PrintingHelper:96 - <http://www.af#abstractU657>
2016-04-14 14:13:56 INFO  PrintingHelper:96 - <http://www.af#abstractU654>
2016-04-14 14:13:56 INFO  PrintingHelper:96 - <http://www.af#abstractU652>
2016-04-14 14:13:56 INFO  PrintingHelper:96 - <http://www.af#abstractU650>
2016-04-14 14:13:56 INFO  PrintingHelper:96 - <http://www.af#abstractU249>
2016-04-14 14:13:56 INFO  PrintingHelper:96 - <http://www.af#abstractU247>
2016-04-14 14:13:56 INFO  PrintingHelper:96 - <http://www.af#abstractU245>
2016-04-14 14:13:56 INFO  PrintingHelper:96 - <http://www.af#abstractU243>
2016-04-14 14:13:56 INFO  PrintingHelper:96 - <http://www.af#abstractU244>
2016-04-14 14:13:56 INFO  PrintingHelper:96 - <http://www.af#abstractU241>
2016-04-14 14:13:56 INFO  PrintingHelper:96 - <http://www.af#abstractU242>
2016-04-14 14:13:56 INFO  PrintingHelper:96 - <http://www.af#abstractU240>
2016-04-14 14:13:56 INFO  PrintingHelper:96 - <http://www.af#abstractU641>
2016-04-14 14:13:56 INFO  PrintingHelper:96 - <http://www.af#abstractU643>
2016-04-14 14:13:56 INFO  PrintingHelper:96 - <http://www.af#abstractU256>
2016-04-14 14:13:56 INFO  PrintingHelper:96 - <http://www.af#abstractU258>
2016-04-14 14:13:56 INFO  PrintingHelper:96 - <http://www.af#abstractU252>
2016-04-14 14:13:56 INFO  PrintingHelper:96 - <http://www.af#abstractU254>
2016-04-14 14:13:56 INFO  PrintingHelper:96 - <http://www.af#abstractU250>
2016-04-14 14:13:56 INFO  PrintingHelper:96 - <http://www.af#abstractU251>
2016-04-14 14:13:56 INFO  PrintingHelper:96 - <http://www.af#abstractU633>
2016-04-14 14:13:56 INFO  PrintingHelper:96 - <http://www.af#abstractU631>
2016-04-14 14:13:56 INFO  PrintingHelper:96 - <http://www.af#abstractU630>
2016-04-14 14:13:56 INFO  PrintingHelper:96 - <http://www.af#abstractU637>
2016-04-14 14:13:56 INFO  PrintingHelper:96 - <http://www.af#abstractU636>
2016-04-14 14:13:56 INFO  PrintingHelper:96 - <http://www.af#abstractU635>
2016-04-14 14:13:56 INFO  PrintingHelper:96 - <http://www.af#abstractU225>
2016-04-14 14:13:56 INFO  PrintingHelper:96 - <http://www.af#abstractU226>
2016-04-14 14:13:56 INFO  PrintingHelper:96 - <http://www.af#abstractU223>
2016-04-14 14:13:56 INFO  PrintingHelper:96 - <http://www.af#abstractU229>
2016-04-14 14:13:56 INFO  PrintingHelper:96 - <http://www.af#abstractU638>
2016-04-14 14:13:56 INFO  PrintingHelper:96 - <http://www.af#abstractU639>
2016-04-14 14:13:56 INFO  PrintingHelper:96 - <http://www.af#abstractU221>
2016-04-14 14:13:56 INFO  PrintingHelper:96 - <http://www.af#abstractU222>
2016-04-14 14:13:56 INFO  PrintingHelper:96 - <http://www.af#abstractU220>
2016-04-14 14:13:56 INFO  PrintingHelper:96 - <http://www.af#abstractU620>
2016-04-14 14:13:56 INFO  PrintingHelper:96 - <http://www.af#abstractU622>
2016-04-14 14:13:56 INFO  PrintingHelper:96 - <http://www.af#abstractU621>
2016-04-14 14:13:56 INFO  PrintingHelper:96 - <http://www.af#abstractU624>
2016-04-14 14:13:56 INFO  PrintingHelper:96 - <http://www.af#abstractU625>
2016-04-14 14:13:56 INFO  PrintingHelper:96 - <http://www.af#abstractU236>
2016-04-14 14:13:56 INFO  PrintingHelper:96 - <http://www.af#abstractU237>
2016-04-14 14:13:56 INFO  PrintingHelper:96 - <http://www.af#abstractU238>
2016-04-14 14:13:56 INFO  PrintingHelper:96 - <http://www.af#abstractU627>
2016-04-14 14:13:56 INFO  PrintingHelper:96 - <http://www.af#abstractU232>
2016-04-14 14:13:56 INFO  PrintingHelper:96 - <http://www.af#abstractU233>
2016-04-14 14:13:56 INFO  PrintingHelper:96 - <http://www.af#abstractU709>
2016-04-14 14:13:56 INFO  PrintingHelper:96 - <http://www.af#abstractU708>
2016-04-14 14:13:56 INFO  PrintingHelper:96 - <http://www.af#abstractU707>
2016-04-14 14:13:56 INFO  PrintingHelper:96 - <http://www.af#abstractU706>
2016-04-14 14:13:56 INFO  PrintingHelper:96 - <http://www.af#abstractU702>
2016-04-14 14:13:56 INFO  PrintingHelper:96 - <http://www.af#abstractU703>
2016-04-14 14:13:56 INFO  PrintingHelper:96 - <http://www.af#abstractU700>
2016-04-14 14:13:56 INFO  PrintingHelper:96 - <http://www.af#abstractU718>
2016-04-14 14:13:56 INFO  PrintingHelper:96 - <http://www.af#abstractU717>
2016-04-14 14:13:56 INFO  PrintingHelper:96 - <http://www.af#abstractU711>
2016-04-14 14:13:56 INFO  PrintingHelper:96 - <http://www.af#abstractU713>
2016-04-14 14:13:56 INFO  PrintingHelper:96 - <http://www.af#abstractU714>
2016-04-14 14:13:56 INFO  PrintingHelper:96 - <http://www.af#abstractU710>
2016-04-14 14:13:56 INFO  PrintingHelper:96 - <http://www.af#abstractU727>
2016-04-14 14:13:56 INFO  PrintingHelper:96 - <http://www.af#abstractU720>
2016-04-14 14:13:56 INFO  PrintingHelper:96 - <http://www.af#abstractU724>
2016-04-14 14:13:56 INFO  PrintingHelper:96 - <http://www.af#abstractU722>
2016-04-14 14:13:56 INFO  PrintingHelper:96 - <http://www.af#abstractU723>
2016-04-14 14:13:56 INFO  PrintingHelper:96 - <http://www.af#abstractU738>
2016-04-14 14:13:56 INFO  PrintingHelper:96 - <http://www.af#abstractU739>
2016-04-14 14:13:56 INFO  PrintingHelper:96 - <http://www.af#abstractU731>
2016-04-14 14:13:56 INFO  PrintingHelper:96 - <http://www.af#abstractU732>
2016-04-14 14:13:56 INFO  PrintingHelper:96 - <http://www.af#abstractU735>
2016-04-14 14:13:56 INFO  PrintingHelper:96 - <http://www.af#abstractU1198>
2016-04-14 14:13:56 INFO  PrintingHelper:96 - <http://www.af#abstractU1196>
2016-04-14 14:13:56 INFO  PrintingHelper:96 - <http://www.af#abstractU1194>
2016-04-14 14:13:56 INFO  PrintingHelper:96 - <http://www.af#abstractU1192>
2016-04-14 14:13:56 INFO  PrintingHelper:96 - <http://www.af#abstractU1190>
2016-04-14 14:13:56 INFO  PrintingHelper:96 - <http://www.af#abstractU869>
2016-04-14 14:13:56 INFO  PrintingHelper:96 - <http://www.af#abstractU1160>
2016-04-14 14:13:56 INFO  PrintingHelper:96 - <http://www.af#abstractU860>
2016-04-14 14:13:56 INFO  PrintingHelper:96 - <http://www.af#abstractU1162>
2016-04-14 14:13:56 INFO  PrintingHelper:96 - <http://www.af#abstractU1161>
2016-04-14 14:13:56 INFO  PrintingHelper:96 - <http://www.af#abstractU868>
2016-04-14 14:13:56 INFO  PrintingHelper:96 - <http://www.af#abstractU865>
2016-04-14 14:13:56 INFO  PrintingHelper:96 - <http://www.af#abstractU1169>
2016-04-14 14:13:56 INFO  PrintingHelper:96 - <http://www.af#abstractU863>
2016-04-14 14:13:56 INFO  PrintingHelper:96 - <http://www.af#abstractU1164>
2016-04-14 14:13:56 INFO  PrintingHelper:96 - <http://www.af#abstractU1163>
2016-04-14 14:13:56 INFO  PrintingHelper:96 - <http://www.af#abstractU861>
2016-04-14 14:13:56 INFO  PrintingHelper:96 - <http://www.af#abstractU1166>
2016-04-14 14:13:56 INFO  PrintingHelper:96 - <http://www.af#abstractU862>
2016-04-14 14:13:56 INFO  PrintingHelper:96 - <http://www.af#abstractU1149>
2016-04-14 14:13:56 INFO  PrintingHelper:96 - <http://www.af#abstractU1151>
2016-04-14 14:13:56 INFO  PrintingHelper:96 - <http://www.af#abstractU1150>
2016-04-14 14:13:56 INFO  PrintingHelper:96 - <http://www.af#abstractU876>
2016-04-14 14:13:56 INFO  PrintingHelper:96 - <http://www.af#abstractU877>
2016-04-14 14:13:56 INFO  PrintingHelper:96 - <http://www.af#abstractU1158>
2016-04-14 14:13:56 INFO  PrintingHelper:96 - <http://www.af#abstractU878>
2016-04-14 14:13:56 INFO  PrintingHelper:96 - <http://www.af#abstractU879>
2016-04-14 14:13:56 INFO  PrintingHelper:96 - <http://www.af#abstractU1155>
2016-04-14 14:13:56 INFO  PrintingHelper:96 - <http://www.af#abstractU1152>
2016-04-14 14:13:56 INFO  PrintingHelper:96 - <http://www.af#abstractU1181>
2016-04-14 14:13:56 INFO  PrintingHelper:96 - <http://www.af#abstractU1184>
2016-04-14 14:13:56 INFO  PrintingHelper:96 - <http://www.af#abstractU880>
2016-04-14 14:13:56 INFO  PrintingHelper:96 - <http://www.af#abstractU1183>
2016-04-14 14:13:56 INFO  PrintingHelper:96 - <http://www.af#abstractU885>
2016-04-14 14:13:56 INFO  PrintingHelper:96 - <http://www.af#abstractU1186>
2016-04-14 14:13:56 INFO  PrintingHelper:96 - <http://www.af#abstractU886>
2016-04-14 14:13:56 INFO  PrintingHelper:96 - <http://www.af#abstractU1185>
2016-04-14 14:13:56 INFO  PrintingHelper:96 - <http://www.af#abstractU1188>
2016-04-14 14:13:56 INFO  PrintingHelper:96 - <http://www.af#abstractU884>
2016-04-14 14:13:56 INFO  PrintingHelper:96 - <http://www.af#abstractU1187>
2016-04-14 14:13:56 INFO  PrintingHelper:96 - <http://www.af#abstractU889>
2016-04-14 14:13:56 INFO  PrintingHelper:96 - <http://www.af#abstractU888>
2016-04-14 14:13:56 INFO  PrintingHelper:96 - <http://www.af#abstractU1173>
2016-04-14 14:13:56 INFO  PrintingHelper:96 - <http://www.af#abstractU893>
2016-04-14 14:13:56 INFO  PrintingHelper:96 - <http://www.af#abstractU1170>
2016-04-14 14:13:56 INFO  PrintingHelper:96 - <http://www.af#abstractU894>
2016-04-14 14:13:56 INFO  PrintingHelper:96 - <http://www.af#abstractU895>
2016-04-14 14:13:56 INFO  PrintingHelper:96 - <http://www.af#abstractU1176>
2016-04-14 14:13:56 INFO  PrintingHelper:96 - <http://www.af#abstractU1175>
2016-04-14 14:13:56 INFO  PrintingHelper:96 - <http://www.af#abstractU896>
2016-04-14 14:13:56 INFO  PrintingHelper:96 - <http://www.af#abstractU1174>
2016-04-14 14:13:56 INFO  PrintingHelper:96 - <http://www.af#abstractU898>
2016-04-14 14:13:56 INFO  PrintingHelper:96 - <http://www.af#abstractU1179>
2016-04-14 14:13:56 INFO  PrintingHelper:96 - <http://www.af#abstractU1178>
2016-04-14 14:13:56 INFO  PrintingHelper:96 - <http://www.af#abstractU301>
2016-04-14 14:13:56 INFO  PrintingHelper:96 - <http://www.af#abstractU300>
2016-04-14 14:13:56 INFO  PrintingHelper:96 - <http://www.af#abstractU1110>
2016-04-14 14:13:56 INFO  PrintingHelper:96 - <http://www.af#abstractU303>
2016-04-14 14:13:56 INFO  PrintingHelper:96 - <http://www.af#abstractU1111>
2016-04-14 14:13:56 INFO  PrintingHelper:96 - <http://www.af#abstractU302>
2016-04-14 14:13:56 INFO  PrintingHelper:96 - <http://www.af#abstractU305>
2016-04-14 14:13:56 INFO  PrintingHelper:96 - <http://www.af#abstractU835>
2016-04-14 14:13:56 INFO  PrintingHelper:96 - <http://www.af#abstractU304>
2016-04-14 14:13:56 INFO  PrintingHelper:96 - <http://www.af#abstractU834>
2016-04-14 14:13:56 INFO  PrintingHelper:96 - <http://www.af#abstractU1114>
2016-04-14 14:13:56 INFO  PrintingHelper:96 - <http://www.af#abstractU307>
2016-04-14 14:13:56 INFO  PrintingHelper:96 - <http://www.af#abstractU306>
2016-04-14 14:13:56 INFO  PrintingHelper:96 - <http://www.af#abstractU1115>
2016-04-14 14:13:56 INFO  PrintingHelper:96 - <http://www.af#abstractU1106>
2016-04-14 14:13:56 INFO  PrintingHelper:96 - <http://www.af#abstractU838>
2016-04-14 14:13:56 INFO  PrintingHelper:96 - <http://www.af#abstractU839>
2016-04-14 14:13:56 INFO  PrintingHelper:96 - <http://www.af#abstractU309>
2016-04-14 14:13:56 INFO  PrintingHelper:96 - <http://www.af#abstractU1105>
2016-04-14 14:13:56 INFO  PrintingHelper:96 - <http://www.af#abstractU836>
2016-04-14 14:13:56 INFO  PrintingHelper:96 - <http://www.af#abstractU837>
2016-04-14 14:13:56 INFO  PrintingHelper:96 - <http://www.af#abstractU1107>
2016-04-14 14:13:56 INFO  PrintingHelper:96 - <http://www.af#abstractU313>
2016-04-14 14:13:56 INFO  PrintingHelper:96 - <http://www.af#abstractU312>
2016-04-14 14:13:56 INFO  PrintingHelper:96 - <http://www.af#abstractU1120>
2016-04-14 14:13:56 INFO  PrintingHelper:96 - <http://www.af#abstractU822>
2016-04-14 14:13:56 INFO  PrintingHelper:96 - <http://www.af#abstractU821>
2016-04-14 14:13:56 INFO  PrintingHelper:96 - <http://www.af#abstractU317>
2016-04-14 14:13:56 INFO  PrintingHelper:96 - <http://www.af#abstractU1126>
2016-04-14 14:13:56 INFO  PrintingHelper:96 - <http://www.af#abstractU316>
2016-04-14 14:13:56 INFO  PrintingHelper:96 - <http://www.af#abstractU1123>
2016-04-14 14:13:56 INFO  PrintingHelper:96 - <http://www.af#abstractU824>
2016-04-14 14:13:56 INFO  PrintingHelper:96 - <http://www.af#abstractU1124>
2016-04-14 14:13:56 INFO  PrintingHelper:96 - <http://www.af#abstractU823>
2016-04-14 14:13:56 INFO  PrintingHelper:96 - <http://www.af#abstractU315>
2016-04-14 14:13:56 INFO  PrintingHelper:96 - <http://www.af#abstractU1118>
2016-04-14 14:13:56 INFO  PrintingHelper:96 - <http://www.af#abstractU827>
2016-04-14 14:13:56 INFO  PrintingHelper:96 - <http://www.af#abstractU1117>
2016-04-14 14:13:56 INFO  PrintingHelper:96 - <http://www.af#abstractU1116>
2016-04-14 14:13:56 INFO  PrintingHelper:96 - <http://www.af#abstractU829>
2016-04-14 14:13:56 INFO  PrintingHelper:96 - <http://www.af#abstractU327>
2016-04-14 14:13:56 INFO  PrintingHelper:96 - <http://www.af#abstractU857>
2016-04-14 14:13:56 INFO  PrintingHelper:96 - <http://www.af#abstractU1135>
2016-04-14 14:13:56 INFO  PrintingHelper:96 - <http://www.af#abstractU326>
2016-04-14 14:13:56 INFO  PrintingHelper:96 - <http://www.af#abstractU856>
2016-04-14 14:13:56 INFO  PrintingHelper:96 - <http://www.af#abstractU855>
2016-04-14 14:13:56 INFO  PrintingHelper:96 - <http://www.af#abstractU328>
2016-04-14 14:13:56 INFO  PrintingHelper:96 - <http://www.af#abstractU323>
2016-04-14 14:13:56 INFO  PrintingHelper:96 - <http://www.af#abstractU1130>
2016-04-14 14:13:56 INFO  PrintingHelper:96 - <http://www.af#abstractU322>
2016-04-14 14:13:56 INFO  PrintingHelper:96 - <http://www.af#abstractU852>
2016-04-14 14:13:56 INFO  PrintingHelper:96 - <http://www.af#abstractU851>
2016-04-14 14:13:56 INFO  PrintingHelper:96 - <http://www.af#abstractU1132>
2016-04-14 14:13:56 INFO  PrintingHelper:96 - <http://www.af#abstractU325>
2016-04-14 14:13:56 INFO  PrintingHelper:96 - <http://www.af#abstractU320>
2016-04-14 14:13:56 INFO  PrintingHelper:96 - <http://www.af#abstractU1128>
2016-04-14 14:13:56 INFO  PrintingHelper:96 - <http://www.af#abstractU1127>
2016-04-14 14:13:56 INFO  PrintingHelper:96 - <http://www.af#abstractU858>
2016-04-14 14:13:56 INFO  PrintingHelper:96 - <http://www.af#abstractU859>
2016-04-14 14:13:56 INFO  PrintingHelper:96 - <http://www.af#abstractU843>
2016-04-14 14:13:56 INFO  PrintingHelper:96 - <http://www.af#abstractU339>
2016-04-14 14:13:56 INFO  PrintingHelper:96 - <http://www.af#abstractU338>
2016-04-14 14:13:56 INFO  PrintingHelper:96 - <http://www.af#abstractU1146>
2016-04-14 14:13:56 INFO  PrintingHelper:96 - <http://www.af#abstractU337>
2016-04-14 14:13:56 INFO  PrintingHelper:96 - <http://www.af#abstractU845>
2016-04-14 14:13:56 INFO  PrintingHelper:96 - <http://www.af#abstractU336>
2016-04-14 14:13:56 INFO  PrintingHelper:96 - <http://www.af#abstractU840>
2016-04-14 14:13:56 INFO  PrintingHelper:96 - <http://www.af#abstractU334>
2016-04-14 14:13:56 INFO  PrintingHelper:96 - <http://www.af#abstractU1141>
2016-04-14 14:13:56 INFO  PrintingHelper:96 - <http://www.af#abstractU842>
2016-04-14 14:13:56 INFO  PrintingHelper:96 - <http://www.af#abstractU333>
2016-04-14 14:13:56 INFO  PrintingHelper:96 - <http://www.af#abstractU1140>
2016-04-14 14:13:56 INFO  PrintingHelper:96 - <http://www.af#abstractU331>
2016-04-14 14:13:56 INFO  PrintingHelper:96 - <http://www.af#abstractU330>
2016-04-14 14:13:56 INFO  PrintingHelper:96 - <http://www.af#abstractU848>
2016-04-14 14:13:56 INFO  PrintingHelper:96 - <http://www.af#abstractU849>
2016-04-14 14:13:56 INFO  PrintingHelper:96 - <http://www.af#abstractU1139>
2016-04-14 14:13:56 INFO  PrintingHelper:96 - <http://www.af#abstractU1138>
2016-04-14 14:13:56 INFO  PrintingHelper:96 - <http://www.af#abstractU812>
2016-04-14 14:13:56 INFO  PrintingHelper:96 - <http://www.af#abstractU813>
2016-04-14 14:13:56 INFO  PrintingHelper:96 - <http://www.af#abstractU810>
2016-04-14 14:13:56 INFO  PrintingHelper:96 - <http://www.af#abstractU811>
2016-04-14 14:13:56 INFO  PrintingHelper:96 - <http://www.af#abstractU819>
2016-04-14 14:13:56 INFO  PrintingHelper:96 - <http://www.af#abstractU818>
2016-04-14 14:13:56 INFO  PrintingHelper:96 - <http://www.af#abstractU816>
2016-04-14 14:13:56 INFO  PrintingHelper:96 - <http://www.af#abstractU814>
2016-04-14 14:13:56 INFO  PrintingHelper:96 - <http://www.af#abstractU1104>
2016-04-14 14:13:56 INFO  PrintingHelper:96 - <http://www.af#abstractU1103>
2016-04-14 14:13:56 INFO  PrintingHelper:96 - <http://www.af#abstractU1102>
2016-04-14 14:13:56 INFO  PrintingHelper:96 - <http://www.af#abstractU801>
2016-04-14 14:13:56 INFO  PrintingHelper:96 - <http://www.af#abstractU1100>
2016-04-14 14:13:56 INFO  PrintingHelper:96 - <http://www.af#abstractU808>
2016-04-14 14:13:56 INFO  PrintingHelper:96 - <http://www.af#abstractU809>
2016-04-14 14:13:56 INFO  PrintingHelper:96 - <http://www.af#abstractU803>
2016-04-14 14:13:56 INFO  PrintingHelper:96 - <http://www.af#abstractU806>
2016-04-14 14:13:56 INFO  PrintingHelper:96 - <http://www.af#abstractU805>
2016-04-14 14:13:56 INFO  PrintingHelper:96 - <http://www.af#abstractU797>
2016-04-14 14:13:56 INFO  PrintingHelper:96 - <http://www.af#abstractU796>
2016-04-14 14:13:56 INFO  PrintingHelper:96 - <http://www.af#abstractU799>
2016-04-14 14:13:56 INFO  PrintingHelper:96 - <http://www.af#abstractU790>
2016-04-14 14:13:56 INFO  PrintingHelper:96 - <http://www.af#abstractU793>
2016-04-14 14:13:56 INFO  PrintingHelper:96 - <http://www.af#abstractU794>
2016-04-14 14:13:56 INFO  PrintingHelper:96 - <http://www.af#abstractU791>
2016-04-14 14:13:56 INFO  PrintingHelper:96 - <http://www.af#abstractU388>
2016-04-14 14:13:56 INFO  PrintingHelper:96 - <http://www.af#abstractU382>
2016-04-14 14:13:56 INFO  PrintingHelper:96 - <http://www.af#abstractU387>
2016-04-14 14:13:56 INFO  PrintingHelper:96 - <http://www.af#abstractU385>
2016-04-14 14:13:56 INFO  PrintingHelper:96 - <http://www.af#abstractU784>
2016-04-14 14:13:56 INFO  PrintingHelper:96 - <http://www.af#abstractU785>
2016-04-14 14:13:56 INFO  PrintingHelper:96 - <http://www.af#abstractU786>
2016-04-14 14:13:56 INFO  PrintingHelper:96 - <http://www.af#abstractU788>
2016-04-14 14:13:56 INFO  PrintingHelper:96 - <http://www.af#abstractU789>
2016-04-14 14:13:56 INFO  PrintingHelper:96 - <http://www.af#abstractU780>
2016-04-14 14:13:56 INFO  PrintingHelper:96 - <http://www.af#abstractU781>
2016-04-14 14:13:56 INFO  PrintingHelper:96 - <http://www.af#abstractU783>
2016-04-14 14:13:56 INFO  PrintingHelper:96 - <http://www.af#abstractU399>
2016-04-14 14:13:56 INFO  PrintingHelper:96 - <http://www.af#abstractU396>
2016-04-14 14:13:56 INFO  PrintingHelper:96 - <http://www.af#abstractU395>
2016-04-14 14:13:56 INFO  PrintingHelper:96 - <http://www.af#abstractU398>
2016-04-14 14:13:56 INFO  PrintingHelper:96 - <http://www.af#abstractU397>
2016-04-14 14:13:56 INFO  PrintingHelper:96 - <http://www.af#abstractU753>
2016-04-14 14:13:56 INFO  PrintingHelper:96 - <http://www.af#abstractU752>
2016-04-14 14:13:56 INFO  PrintingHelper:96 - <http://www.af#abstractU758>
2016-04-14 14:13:56 INFO  PrintingHelper:96 - <http://www.af#abstractU757>
2016-04-14 14:13:56 INFO  PrintingHelper:96 - <http://www.af#abstractU755>
2016-04-14 14:13:56 INFO  PrintingHelper:96 - <http://www.af#abstractU759>
2016-04-14 14:13:56 INFO  PrintingHelper:96 - <http://www.af#abstractU342>
2016-04-14 14:13:56 INFO  PrintingHelper:96 - <http://www.af#abstractU343>
2016-04-14 14:13:56 INFO  PrintingHelper:96 - <http://www.af#abstractU340>
2016-04-14 14:13:56 INFO  PrintingHelper:96 - <http://www.af#abstractU346>
2016-04-14 14:13:56 INFO  PrintingHelper:96 - <http://www.af#abstractU344>
2016-04-14 14:13:56 INFO  PrintingHelper:96 - <http://www.af#abstractU348>
2016-04-14 14:13:56 INFO  PrintingHelper:96 - <http://www.af#abstractU349>
2016-04-14 14:13:56 INFO  PrintingHelper:96 - <http://www.af#abstractU740>
2016-04-14 14:13:56 INFO  PrintingHelper:96 - <http://www.af#abstractU742>
2016-04-14 14:13:56 INFO  PrintingHelper:96 - <http://www.af#abstractU745>
2016-04-14 14:13:56 INFO  PrintingHelper:96 - <http://www.af#abstractU747>
2016-04-14 14:13:56 INFO  PrintingHelper:96 - <http://www.af#abstractU746>
2016-04-14 14:13:56 INFO  PrintingHelper:96 - <http://www.af#abstractU748>
2016-04-14 14:13:56 INFO  PrintingHelper:96 - <http://www.af#abstractU749>
2016-04-14 14:13:56 INFO  PrintingHelper:96 - <http://www.af#abstractU351>
2016-04-14 14:13:56 INFO  PrintingHelper:96 - <http://www.af#abstractU352>
2016-04-14 14:13:56 INFO  PrintingHelper:96 - <http://www.af#abstractU354>
2016-04-14 14:13:56 INFO  PrintingHelper:96 - <http://www.af#abstractU355>
2016-04-14 14:13:56 INFO  PrintingHelper:96 - <http://www.af#abstractU356>
2016-04-14 14:13:56 INFO  PrintingHelper:96 - <http://www.af#abstractU357>
2016-04-14 14:13:56 INFO  PrintingHelper:96 - <http://www.af#abstractU358>
2016-04-14 14:13:56 INFO  PrintingHelper:96 - <http://www.af#abstractU359>
2016-04-14 14:13:56 INFO  PrintingHelper:96 - <http://www.af#abstractU772>
2016-04-14 14:13:56 INFO  PrintingHelper:96 - <http://www.af#abstractU771>
2016-04-14 14:13:56 INFO  PrintingHelper:96 - <http://www.af#abstractU778>
2016-04-14 14:13:56 INFO  PrintingHelper:96 - <http://www.af#abstractU777>
2016-04-14 14:13:56 INFO  PrintingHelper:96 - <http://www.af#abstractU775>
2016-04-14 14:13:56 INFO  PrintingHelper:96 - <http://www.af#abstractU774>
2016-04-14 14:13:56 INFO  PrintingHelper:96 - <http://www.af#abstractU773>
2016-04-14 14:13:56 INFO  PrintingHelper:96 - <http://www.af#abstractU365>
2016-04-14 14:13:56 INFO  PrintingHelper:96 - <http://www.af#abstractU362>
2016-04-14 14:13:56 INFO  PrintingHelper:96 - <http://www.af#abstractU361>
2016-04-14 14:13:56 INFO  PrintingHelper:96 - <http://www.af#abstractU368>
2016-04-14 14:13:56 INFO  PrintingHelper:96 - <http://www.af#abstractU366>
2016-04-14 14:13:56 INFO  PrintingHelper:96 - <http://www.af#abstractU761>
2016-04-14 14:13:56 INFO  PrintingHelper:96 - <http://www.af#abstractU766>
2016-04-14 14:13:56 INFO  PrintingHelper:96 - <http://www.af#abstractU769>
2016-04-14 14:13:56 INFO  PrintingHelper:96 - <http://www.af#abstractU768>
2016-04-14 14:13:56 INFO  PrintingHelper:96 - <http://www.af#abstractU763>
2016-04-14 14:13:56 INFO  PrintingHelper:96 - <http://www.af#abstractU374>
2016-04-14 14:13:56 INFO  PrintingHelper:96 - <http://www.af#abstractU370>
2016-04-14 14:13:56 INFO  PrintingHelper:96 - <http://www.af#abstractU371>
2016-04-14 14:13:56 INFO  PrintingHelper:96 - <http://www.af#abstractU372>
2016-04-14 14:13:56 INFO  PrintingHelper:96 - <http://www.af#abstractU377>
2016-04-14 14:13:56 INFO  PrintingHelper:96 - <http://www.af#abstractU378>
2016-04-14 14:13:56 INFO  PrintingHelper:96 - <http://www.af#abstractU379>
2016-04-14 14:13:56 INFO  PrintingHelper:96 - <http://www.af#abstractU1201>
2016-04-14 14:13:56 INFO  PrintingHelper:96 - <http://www.af#abstractU1203>
2016-04-14 14:13:56 INFO  PrintingHelper:96 - <http://www.af#abstractU1219>
2016-04-14 14:13:56 INFO  PrintingHelper:96 - <http://www.af#abstractU1216>
2016-04-14 14:13:56 INFO  PrintingHelper:96 - <http://www.af#abstractU1217>
2016-04-14 14:13:56 INFO  PrintingHelper:96 - <http://www.af#abstractU1224>
2016-04-14 14:13:56 INFO  PrintingHelper:96 - <http://www.af#abstractU1225>
2016-04-14 14:13:56 INFO  PrintingHelper:96 - <http://www.af#abstractU1220>
2016-04-14 14:13:56 INFO  PrintingHelper:96 - <http://www.af#abstractU1207>
2016-04-14 14:13:56 INFO  PrintingHelper:96 - <http://www.af#abstractU1205>
2016-04-14 14:13:56 INFO  PrintingHelper:96 - <http://www.af#abstractU1213>
2016-04-14 14:13:56 INFO  PrintingHelper:96 - <http://www.af#abstractU1211>
2016-04-14 14:13:56 INFO  PrintingHelper:96 - <http://www.af#abstractU1212>
2016-04-14 14:13:56 INFO  PrintingHelper:96 - <http://www.af#abstractU1210>
2016-04-14 14:13:56 INFO  PrintingHelper:96 - <http://www.af#abstractU1238>
2016-04-14 14:13:56 INFO  PrintingHelper:96 - <http://www.af#abstractU1241>
2016-04-14 14:13:56 INFO  PrintingHelper:96 - <http://www.af#abstractU1243>
2016-04-14 14:13:56 INFO  PrintingHelper:96 - <http://www.af#abstractU1244>
2016-04-14 14:13:56 INFO  PrintingHelper:96 - <http://www.af#abstractU1247>
2016-04-14 14:13:56 INFO  PrintingHelper:96 - <http://www.af#abstractU1246>
2016-04-14 14:13:56 INFO  PrintingHelper:96 - <http://www.af#abstractU1232>
2016-04-14 14:13:56 INFO  PrintingHelper:96 - <http://www.af#abstractU1230>
2016-04-14 14:13:56 INFO  PrintingHelper:96 - <http://www.af#abstractU1235>
2016-04-14 14:13:56 INFO  PrintingHelper:96 - <http://www.af#abstractU1234>
2016-04-14 14:13:56 INFO  PrintingHelper:96 - <http://www.af#abstractU1233>
2016-04-14 14:13:56 INFO  PrintingHelper:96 - <http://www.af#abstractU1259>
2016-04-14 14:13:56 INFO  PrintingHelper:96 - <http://www.af#abstractU1261>
2016-04-14 14:13:56 INFO  PrintingHelper:96 - <http://www.af#abstractU1266>
2016-04-14 14:13:56 INFO  PrintingHelper:96 - <http://www.af#abstractU1269>
2016-04-14 14:13:56 INFO  PrintingHelper:96 - <http://www.af#abstractU1268>
2016-04-14 14:13:56 INFO  PrintingHelper:96 - <http://www.af#abstractU1262>
2016-04-14 14:13:56 INFO  PrintingHelper:96 - <http://www.af#abstractU1265>
2016-04-14 14:13:56 INFO  PrintingHelper:96 - <http://www.af#abstractU1264>
2016-04-14 14:13:56 INFO  PrintingHelper:96 - <http://www.af#abstractU1248>
2016-04-14 14:13:56 INFO  PrintingHelper:96 - <http://www.af#abstractU1249>
2016-04-14 14:13:56 INFO  PrintingHelper:96 - <http://www.af#abstractU1257>
2016-04-14 14:13:56 INFO  PrintingHelper:96 - <http://www.af#abstractU1256>
2016-04-14 14:13:56 INFO  PrintingHelper:96 - <http://www.af#abstractU1253>
2016-04-14 14:13:56 INFO  PrintingHelper:96 - <http://www.af#abstractU1251>
2016-04-14 14:13:56 INFO  PrintingHelper:96 - <http://www.af#abstractU1279>
2016-04-14 14:13:56 INFO  PrintingHelper:96 - <http://www.af#abstractU1273>
2016-04-14 14:13:56 INFO  PrintingHelper:96 - <http://www.af#abstractU499>
2016-04-14 14:13:56 INFO  PrintingHelper:96 - <http://www.af#abstractU498>
2016-04-14 14:13:56 INFO  PrintingHelper:96 - <http://www.af#abstractU1276>
2016-04-14 14:13:56 INFO  PrintingHelper:96 - <http://www.af#abstractU496>
2016-04-14 14:13:56 INFO  PrintingHelper:96 - <http://www.af#abstractU492>
2016-04-14 14:13:56 INFO  PrintingHelper:96 - <http://www.af#abstractU489>
2016-04-14 14:13:56 INFO  PrintingHelper:96 - <http://www.af#abstractU488>
2016-04-14 14:13:56 INFO  PrintingHelper:96 - <http://www.af#abstractU486>
2016-04-14 14:13:56 INFO  PrintingHelper:96 - <http://www.af#abstractU485>
2016-04-14 14:13:56 INFO  PrintingHelper:96 - <http://www.af#abstractU484>
2016-04-14 14:13:56 INFO  PrintingHelper:96 - <http://www.af#abstractU483>
2016-04-14 14:13:56 INFO  PrintingHelper:96 - <http://www.af#abstractU481>
2016-04-14 14:13:56 INFO  PrintingHelper:96 - <http://www.af#abstractU480>
2016-04-14 14:13:56 INFO  PrintingHelper:96 - <http://www.af#abstractU90>
2016-04-14 14:13:56 INFO  PrintingHelper:96 - <http://www.af#abstractU476>
2016-04-14 14:13:56 INFO  PrintingHelper:96 - <http://www.af#abstractU91>
2016-04-14 14:13:56 INFO  PrintingHelper:96 - <http://www.af#abstractU479>
2016-04-14 14:13:56 INFO  PrintingHelper:96 - <http://www.af#abstractU94>
2016-04-14 14:13:56 INFO  PrintingHelper:96 - <http://www.af#abstractU92>
2016-04-14 14:13:56 INFO  PrintingHelper:96 - <http://www.af#abstractU98>
2016-04-14 14:13:56 INFO  PrintingHelper:96 - <http://www.af#abstractU99>
2016-04-14 14:13:56 INFO  PrintingHelper:96 - <http://www.af#abstractU471>
2016-04-14 14:13:56 INFO  PrintingHelper:96 - <http://www.af#abstractU96>
2016-04-14 14:13:56 INFO  PrintingHelper:96 - <http://www.af#abstractU470>
2016-04-14 14:13:56 INFO  PrintingHelper:96 - <http://www.af#abstractU473>
2016-04-14 14:13:56 INFO  PrintingHelper:96 - <http://www.af#abstractU474>
2016-04-14 14:13:56 INFO  PrintingHelper:96 - <http://www.af#abstractU468>
2016-04-14 14:13:56 INFO  PrintingHelper:96 - <http://www.af#abstractU466>
2016-04-14 14:13:56 INFO  PrintingHelper:96 - <http://www.af#abstractU465>
2016-04-14 14:13:56 INFO  PrintingHelper:96 - <http://www.af#abstractU82>
2016-04-14 14:13:56 INFO  PrintingHelper:96 - <http://www.af#abstractU84>
2016-04-14 14:13:56 INFO  PrintingHelper:96 - <http://www.af#abstractU85>
2016-04-14 14:13:56 INFO  PrintingHelper:96 - <http://www.af#abstractU460>
2016-04-14 14:13:56 INFO  PrintingHelper:96 - <http://www.af#abstractU86>
2016-04-14 14:13:56 INFO  PrintingHelper:96 - <http://www.af#abstractU88>
2016-04-14 14:13:56 INFO  PrintingHelper:96 - <http://www.af#abstractU463>
2016-04-14 14:13:56 INFO  PrintingHelper:96 - <http://www.af#abstractU461>
2016-04-14 14:13:56 INFO  PrintingHelper:96 - <http://www.af#abstractU29>
2016-04-14 14:13:56 INFO  PrintingHelper:96 - <http://www.af#abstractU419>
2016-04-14 14:13:56 INFO  PrintingHelper:96 - <http://www.af#abstractU416>
2016-04-14 14:13:56 INFO  PrintingHelper:96 - <http://www.af#abstractU415>
2016-04-14 14:13:56 INFO  PrintingHelper:96 - <http://www.af#abstractU414>
2016-04-14 14:13:56 INFO  PrintingHelper:96 - <http://www.af#abstractU411>
2016-04-14 14:13:56 INFO  PrintingHelper:96 - <http://www.af#abstractU410>
2016-04-14 14:13:56 INFO  PrintingHelper:96 - <http://www.af#abstractU34>
2016-04-14 14:13:56 INFO  PrintingHelper:96 - <http://www.af#abstractU30>
2016-04-14 14:13:56 INFO  PrintingHelper:96 - <http://www.af#abstractU32>
2016-04-14 14:13:56 INFO  PrintingHelper:96 - <http://www.af#abstractU18>
2016-04-14 14:13:56 INFO  PrintingHelper:96 - <http://www.af#abstractU407>
2016-04-14 14:13:56 INFO  PrintingHelper:96 - <http://www.af#abstractU408>
2016-04-14 14:13:56 INFO  PrintingHelper:96 - <http://www.af#abstractU409>
2016-04-14 14:13:56 INFO  PrintingHelper:96 - <http://www.af#abstractU404>
2016-04-14 14:13:56 INFO  PrintingHelper:96 - <http://www.af#abstractU403>
2016-04-14 14:13:56 INFO  PrintingHelper:96 - <http://www.af#abstractU406>
2016-04-14 14:13:56 INFO  PrintingHelper:96 - <http://www.af#abstractU405>
2016-04-14 14:13:56 INFO  PrintingHelper:96 - <http://www.af#abstractU402>
2016-04-14 14:13:56 INFO  PrintingHelper:96 - <http://www.af#abstractU401>
2016-04-14 14:13:56 INFO  PrintingHelper:96 - <http://www.af#abstractU23>
2016-04-14 14:13:56 INFO  PrintingHelper:96 - <http://www.af#abstractU24>
2016-04-14 14:13:56 INFO  PrintingHelper:96 - <http://www.af#abstractU21>
2016-04-14 14:13:56 INFO  PrintingHelper:96 - <http://www.af#abstractU20>
2016-04-14 14:13:56 INFO  PrintingHelper:96 - <http://www.af#abstractU10>
2016-04-14 14:13:56 INFO  PrintingHelper:96 - <http://www.af#abstractU12>
2016-04-14 14:13:56 INFO  PrintingHelper:96 - <http://www.af#abstractU13>
2016-04-14 14:13:56 INFO  PrintingHelper:96 - <http://www.af#abstractU14>
2016-04-14 14:13:56 INFO  PrintingHelper:96 - <http://www.af#abstractU15>
2016-04-14 14:13:56 INFO  PrintingHelper:96 - <http://www.af#abstractU452>
2016-04-14 14:13:56 INFO  PrintingHelper:96 - <http://www.af#abstractU453>
2016-04-14 14:13:56 INFO  PrintingHelper:96 - <http://www.af#abstractU78>
2016-04-14 14:13:56 INFO  PrintingHelper:96 - <http://www.af#abstractU450>
2016-04-14 14:13:56 INFO  PrintingHelper:96 - <http://www.af#abstractU75>
2016-04-14 14:13:56 INFO  PrintingHelper:96 - <http://www.af#abstractU76>
2016-04-14 14:13:56 INFO  PrintingHelper:96 - <http://www.af#abstractU71>
2016-04-14 14:13:56 INFO  PrintingHelper:96 - <http://www.af#abstractU70>
2016-04-14 14:13:56 INFO  PrintingHelper:96 - <http://www.af#abstractU73>
2016-04-14 14:13:56 INFO  PrintingHelper:96 - <http://www.af#abstractU458>
2016-04-14 14:13:56 INFO  PrintingHelper:96 - <http://www.af#abstractU459>
2016-04-14 14:13:56 INFO  PrintingHelper:96 - <http://www.af#abstractU72>
2016-04-14 14:13:56 INFO  PrintingHelper:96 - <http://www.af#abstractU456>
2016-04-14 14:13:56 INFO  PrintingHelper:96 - <http://www.af#abstractU457>
2016-04-14 14:13:56 INFO  PrintingHelper:96 - <http://www.af#abstractU454>
2016-04-14 14:13:56 INFO  PrintingHelper:96 - <http://www.af#abstractU69>
2016-04-14 14:13:56 INFO  PrintingHelper:96 - <http://www.af#abstractU440>
2016-04-14 14:13:56 INFO  PrintingHelper:96 - <http://www.af#abstractU68>
2016-04-14 14:13:56 INFO  PrintingHelper:96 - <http://www.af#abstractU441>
2016-04-14 14:13:56 INFO  PrintingHelper:96 - <http://www.af#abstractU442>
2016-04-14 14:13:56 INFO  PrintingHelper:96 - <http://www.af#abstractU66>
2016-04-14 14:13:56 INFO  PrintingHelper:96 - <http://www.af#abstractU65>
2016-04-14 14:13:56 INFO  PrintingHelper:96 - <http://www.af#abstractU64>
2016-04-14 14:13:56 INFO  PrintingHelper:96 - <http://www.af#abstractU63>
2016-04-14 14:13:56 INFO  PrintingHelper:96 - <http://www.af#abstractU447>
2016-04-14 14:13:56 INFO  PrintingHelper:96 - <http://www.af#abstractU62>
2016-04-14 14:13:56 INFO  PrintingHelper:96 - <http://www.af#abstractU449>
2016-04-14 14:13:56 INFO  PrintingHelper:96 - <http://www.af#abstractU60>
2016-04-14 14:13:56 INFO  PrintingHelper:96 - <http://www.af#abstractU444>
2016-04-14 14:13:56 INFO  PrintingHelper:96 - <http://www.af#abstractU446>
2016-04-14 14:13:56 INFO  PrintingHelper:96 - <http://www.af#abstractU53>
2016-04-14 14:13:56 INFO  PrintingHelper:96 - <http://www.af#abstractU52>
2016-04-14 14:13:56 INFO  PrintingHelper:96 - <http://www.af#abstractU55>
2016-04-14 14:13:56 INFO  PrintingHelper:96 - <http://www.af#abstractU56>
2016-04-14 14:13:56 INFO  PrintingHelper:96 - <http://www.af#abstractU59>
2016-04-14 14:13:56 INFO  PrintingHelper:96 - <http://www.af#abstractU435>
2016-04-14 14:13:56 INFO  PrintingHelper:96 - <http://www.af#abstractU433>
2016-04-14 14:13:56 INFO  PrintingHelper:96 - <http://www.af#abstractU439>
2016-04-14 14:13:56 INFO  PrintingHelper:96 - <http://www.af#abstractU436>
2016-04-14 14:13:56 INFO  PrintingHelper:96 - <http://www.af#abstractU38>
2016-04-14 14:13:56 INFO  PrintingHelper:96 - <http://www.af#abstractU48>
2016-04-14 14:13:56 INFO  PrintingHelper:96 - <http://www.af#abstractU47>
2016-04-14 14:13:56 INFO  PrintingHelper:96 - <http://www.af#abstractU46>
2016-04-14 14:13:56 INFO  PrintingHelper:96 - <http://www.af#abstractU420>
2016-04-14 14:13:56 INFO  PrintingHelper:96 - <http://www.af#abstractU422>
2016-04-14 14:13:56 INFO  PrintingHelper:96 - <http://www.af#abstractU423>
2016-04-14 14:13:56 INFO  PrintingHelper:96 - <http://www.af#abstractU40>
2016-04-14 14:13:56 INFO  PrintingHelper:96 - <http://www.af#abstractU426>
2016-04-14 14:13:56 INFO  PrintingHelper:96 - <http://www.af#abstractU427>
2016-04-14 14:13:56 INFO  PrintingHelper:96 - <http://www.af#abstractU428>
2016-04-14 14:13:56 INFO  PrintingHelper:96 - <http://www.af#abstractU590>
2016-04-14 14:13:56 INFO  PrintingHelper:96 - <http://www.af#abstractU592>
2016-04-14 14:13:56 INFO  PrintingHelper:96 - <http://www.af#abstractU591>
2016-04-14 14:13:56 INFO  PrintingHelper:96 - <http://www.af#abstractU594>
2016-04-14 14:13:56 INFO  PrintingHelper:96 - <http://www.af#abstractU593>
2016-04-14 14:13:56 INFO  PrintingHelper:96 - <http://www.af#abstractU598>
2016-04-14 14:13:56 INFO  PrintingHelper:96 - <http://www.af#abstractU597>
2016-04-14 14:13:56 INFO  PrintingHelper:96 - <http://www.af#abstractU599>
2016-04-14 14:13:56 INFO  PrintingHelper:96 - <http://www.af#abstractU581>
2016-04-14 14:13:56 INFO  PrintingHelper:96 - <http://www.af#abstractU585>
2016-04-14 14:13:56 INFO  PrintingHelper:96 - <http://www.af#abstractU583>
2016-04-14 14:13:56 INFO  PrintingHelper:96 - <http://www.af#abstractU588>
2016-04-14 14:13:56 INFO  PrintingHelper:96 - <http://www.af#abstractU587>
2016-04-14 14:13:56 INFO  PrintingHelper:96 - <http://www.af#abstractU586>
2016-04-14 14:13:56 INFO  PrintingHelper:96 - <http://www.af#abstractU517>
2016-04-14 14:13:56 INFO  PrintingHelper:96 - <http://www.af#abstractU518>
2016-04-14 14:13:56 INFO  PrintingHelper:96 - <http://www.af#abstractU101>
2016-04-14 14:13:56 INFO  PrintingHelper:96 - <http://www.af#abstractU104>
2016-04-14 14:13:56 INFO  PrintingHelper:96 - <http://www.af#abstractU105>
2016-04-14 14:13:56 INFO  PrintingHelper:96 - <http://www.af#abstractU106>
2016-04-14 14:13:56 INFO  PrintingHelper:96 - <http://www.af#abstractU107>
2016-04-14 14:13:56 INFO  PrintingHelper:96 - <http://www.af#abstractU511>
2016-04-14 14:13:56 INFO  PrintingHelper:96 - <http://www.af#abstractU515>
2016-04-14 14:13:56 INFO  PrintingHelper:96 - <http://www.af#abstractU513>
2016-04-14 14:13:56 INFO  PrintingHelper:96 - <http://www.af#abstractU507>
2016-04-14 14:13:56 INFO  PrintingHelper:96 - <http://www.af#abstractU508>
2016-04-14 14:13:56 INFO  PrintingHelper:96 - <http://www.af#abstractU509>
2016-04-14 14:13:56 INFO  PrintingHelper:96 - <http://www.af#abstractU110>
2016-04-14 14:13:56 INFO  PrintingHelper:96 - <http://www.af#abstractU112>
2016-04-14 14:13:56 INFO  PrintingHelper:96 - <http://www.af#abstractU113>
2016-04-14 14:13:56 INFO  PrintingHelper:96 - <http://www.af#abstractU114>
2016-04-14 14:13:56 INFO  PrintingHelper:96 - <http://www.af#abstractU115>
2016-04-14 14:13:56 INFO  PrintingHelper:96 - <http://www.af#abstractU117>
2016-04-14 14:13:56 INFO  PrintingHelper:96 - <http://www.af#abstractU502>
2016-04-14 14:13:56 INFO  PrintingHelper:96 - <http://www.af#abstractU505>
2016-04-14 14:13:56 INFO  PrintingHelper:96 - <http://www.af#abstractU504>
2016-04-14 14:13:56 INFO  PrintingHelper:96 - <http://www.af#abstractU120>
2016-04-14 14:13:56 INFO  PrintingHelper:96 - <http://www.af#abstractU121>
2016-04-14 14:13:56 INFO  PrintingHelper:96 - <http://www.af#abstractU129>
2016-04-14 14:13:56 INFO  PrintingHelper:96 - <http://www.af#abstractU124>
2016-04-14 14:13:56 INFO  PrintingHelper:96 - <http://www.af#abstractU538>
2016-04-14 14:13:56 INFO  PrintingHelper:96 - <http://www.af#abstractU536>
2016-04-14 14:13:56 INFO  PrintingHelper:96 - <http://www.af#abstractU534>
2016-04-14 14:13:56 INFO  PrintingHelper:96 - <http://www.af#abstractU533>
2016-04-14 14:13:56 INFO  PrintingHelper:96 - <http://www.af#abstractU532>
2016-04-14 14:13:56 INFO  PrintingHelper:96 - <http://www.af#abstractU531>
2016-04-14 14:13:56 INFO  PrintingHelper:96 - <http://www.af#abstractU131>
2016-04-14 14:13:56 INFO  PrintingHelper:96 - <http://www.af#abstractU133>
2016-04-14 14:13:56 INFO  PrintingHelper:96 - <http://www.af#abstractU529>
2016-04-14 14:13:56 INFO  PrintingHelper:96 - <http://www.af#abstractU135>
2016-04-14 14:13:56 INFO  PrintingHelper:96 - <http://www.af#abstractU137>
2016-04-14 14:13:56 INFO  PrintingHelper:96 - <http://www.af#abstractU138>
2016-04-14 14:13:56 INFO  PrintingHelper:96 - <http://www.af#abstractU524>
2016-04-14 14:13:56 INFO  PrintingHelper:96 - <http://www.af#abstractU527>
2016-04-14 14:13:56 INFO  PrintingHelper:96 - <http://www.af#abstractU526>
2016-04-14 14:13:56 INFO  PrintingHelper:96 - <http://www.af#abstractU521>
2016-04-14 14:13:56 INFO  PrintingHelper:96 - <http://www.af#abstractU520>
2016-04-14 14:13:56 INFO  PrintingHelper:96 - <http://www.af#abstractU523>
2016-04-14 14:13:56 INFO  PrintingHelper:96 - <http://www.af#abstractU522>
2016-04-14 14:13:56 INFO  PrintingHelper:96 - <http://www.af#abstractU147>
2016-04-14 14:13:56 INFO  PrintingHelper:96 - <http://www.af#abstractU146>
2016-04-14 14:13:56 INFO  PrintingHelper:96 - <http://www.af#abstractU140>
2016-04-14 14:13:56 INFO  PrintingHelper:96 - <http://www.af#abstractU145>
2016-04-14 14:13:56 INFO  PrintingHelper:96 - <http://www.af#abstractU144>
2016-04-14 14:13:56 INFO  PrintingHelper:96 - <http://www.af#abstractU143>
2016-04-14 14:13:56 INFO  PrintingHelper:96 - <http://www.af#abstractU142>
2016-04-14 14:13:56 INFO  PrintingHelper:96 - <http://www.af#abstractU555>
2016-04-14 14:13:56 INFO  PrintingHelper:96 - <http://www.af#abstractU554>
2016-04-14 14:13:56 INFO  PrintingHelper:96 - <http://www.af#abstractU557>
2016-04-14 14:13:56 INFO  PrintingHelper:96 - <http://www.af#abstractU551>
2016-04-14 14:13:56 INFO  PrintingHelper:96 - <http://www.af#abstractU158>
2016-04-14 14:13:56 INFO  PrintingHelper:96 - <http://www.af#abstractU157>
2016-04-14 14:13:56 INFO  PrintingHelper:96 - <http://www.af#abstractU152>
2016-04-14 14:13:56 INFO  PrintingHelper:96 - <http://www.af#abstractU151>
2016-04-14 14:13:56 INFO  PrintingHelper:96 - <http://www.af#abstractU154>
2016-04-14 14:13:56 INFO  PrintingHelper:96 - <http://www.af#abstractU156>
2016-04-14 14:13:56 INFO  PrintingHelper:96 - <http://www.af#abstractU155>
2016-04-14 14:13:56 INFO  PrintingHelper:96 - <http://www.af#abstractU542>
2016-04-14 14:13:56 INFO  PrintingHelper:96 - <http://www.af#abstractU543>
2016-04-14 14:13:56 INFO  PrintingHelper:96 - <http://www.af#abstractU546>
2016-04-14 14:13:56 INFO  PrintingHelper:96 - <http://www.af#abstractU549>
2016-04-14 14:13:56 INFO  PrintingHelper:96 - <http://www.af#abstractU540>
2016-04-14 14:13:56 INFO  PrintingHelper:96 - <http://www.af#abstractU168>
2016-04-14 14:13:56 INFO  PrintingHelper:96 - <http://www.af#abstractU167>
2016-04-14 14:13:56 INFO  PrintingHelper:96 - <http://www.af#abstractU166>
2016-04-14 14:13:56 INFO  PrintingHelper:96 - <http://www.af#abstractU165>
2016-04-14 14:13:56 INFO  PrintingHelper:96 - <http://www.af#abstractU164>
2016-04-14 14:13:56 INFO  PrintingHelper:96 - <http://www.af#abstractU163>
2016-04-14 14:13:56 INFO  PrintingHelper:96 - <http://www.af#abstractU162>
2016-04-14 14:13:56 INFO  PrintingHelper:96 - <http://www.af#abstractU161>
2016-04-14 14:13:56 INFO  PrintingHelper:96 - <http://www.af#abstractU170>
2016-04-14 14:13:56 INFO  PrintingHelper:96 - <http://www.af#abstractU578>
2016-04-14 14:13:56 INFO  PrintingHelper:96 - <http://www.af#abstractU575>
2016-04-14 14:13:56 INFO  PrintingHelper:96 - <http://www.af#abstractU576>
2016-04-14 14:13:56 INFO  PrintingHelper:96 - <http://www.af#abstractU574>
2016-04-14 14:13:56 INFO  PrintingHelper:96 - <http://www.af#abstractU571>
2016-04-14 14:13:56 INFO  PrintingHelper:96 - <http://www.af#abstractU570>
2016-04-14 14:13:56 INFO  PrintingHelper:96 - <http://www.af#abstractU179>
2016-04-14 14:13:56 INFO  PrintingHelper:96 - <http://www.af#abstractU176>
2016-04-14 14:13:56 INFO  PrintingHelper:96 - <http://www.af#abstractU178>
2016-04-14 14:13:56 INFO  PrintingHelper:96 - <http://www.af#abstractU171>
2016-04-14 14:13:56 INFO  PrintingHelper:96 - <http://www.af#abstractU173>
2016-04-14 14:13:56 INFO  PrintingHelper:96 - <http://www.af#abstractU568>
2016-04-14 14:13:56 INFO  PrintingHelper:96 - <http://www.af#abstractU569>
2016-04-14 14:13:56 INFO  PrintingHelper:96 - <http://www.af#abstractU180>
2016-04-14 14:13:56 INFO  PrintingHelper:96 - <http://www.af#abstractU181>
2016-04-14 14:13:56 INFO  PrintingHelper:96 - <http://www.af#abstractU565>
2016-04-14 14:13:56 INFO  PrintingHelper:96 - <http://www.af#abstractU567>
2016-04-14 14:13:56 INFO  PrintingHelper:96 - <http://www.af#abstractU560>
2016-04-14 14:13:56 INFO  PrintingHelper:96 - <http://www.af#abstractU561>
2016-04-14 14:13:56 INFO  PrintingHelper:96 - <http://www.af#abstractU562>
2016-04-14 14:13:56 INFO  PrintingHelper:96 - <http://www.af#abstractU563>
